{"filename":"test.jpg","level":"info","message":"File uploaded successfully","size":15,"timestamp":"2025-10-07T10:24:35.124Z","userId":1}
{"error":"Storage quota exceeded. Used: 100MB, Quota: 100MB","level":"error","message":"Upload error","timestamp":"2025-10-07T10:24:35.134Z"}
{"error":"Upload failed","level":"error","message":"Upload error","timestamp":"2025-10-07T10:24:35.139Z"}
{"level":"warn","message":"Session middleware not configured before registerRoutes; applying default session middleware","timestamp":"2025-10-08T03:32:04.264Z"}
{"level":"warn","message":"Session middleware not configured before registerRoutes; applying default session middleware","timestamp":"2025-10-08T03:32:04.928Z"}
{"level":"warn","message":"API 404","method":"GET","originalUrl":"/api/debug/reddit-session","path":"/","timestamp":"2025-10-08T03:32:04.944Z","url":"/"}
{"filename":"test.jpg","level":"info","message":"File uploaded successfully","size":15,"timestamp":"2025-10-08T03:32:11.977Z","userId":1}
{"error":"Storage quota exceeded. Used: 100MB, Quota: 100MB","level":"error","message":"Upload error","timestamp":"2025-10-08T03:32:11.983Z"}
{"error":"Upload failed","level":"error","message":"Upload error","timestamp":"2025-10-08T03:32:11.988Z"}
{"level":"warn","message":"Session middleware not configured before registerRoutes; applying default session middleware","timestamp":"2025-10-08T03:33:27.809Z"}
{"level":"warn","message":"Session middleware not configured before registerRoutes; applying default session middleware","timestamp":"2025-10-08T03:33:28.505Z"}
{"level":"warn","message":"API 404","method":"GET","originalUrl":"/api/debug/reddit-session","path":"/","timestamp":"2025-10-08T03:33:28.520Z","url":"/"}
{"filename":"test.jpg","level":"info","message":"File uploaded successfully","size":15,"timestamp":"2025-10-08T03:33:35.389Z","userId":1}
{"error":"Storage quota exceeded. Used: 100MB, Quota: 100MB","level":"error","message":"Upload error","timestamp":"2025-10-08T03:33:35.398Z"}
{"error":"Upload failed","level":"error","message":"Upload error","timestamp":"2025-10-08T03:33:35.404Z"}
{"level":"warn","message":"Session middleware not configured before registerRoutes; applying default session middleware","timestamp":"2025-10-08T03:38:16.827Z"}
{"level":"warn","message":"Session middleware not configured before registerRoutes; applying default session middleware","timestamp":"2025-10-08T03:38:17.510Z"}
{"level":"warn","message":"API 404","method":"GET","originalUrl":"/api/debug/reddit-session","path":"/","timestamp":"2025-10-08T03:38:17.527Z","url":"/"}
{"filename":"test.jpg","level":"info","message":"File uploaded successfully","size":15,"timestamp":"2025-10-08T03:38:24.213Z","userId":1}
{"error":"Storage quota exceeded. Used: 100MB, Quota: 100MB","level":"error","message":"Upload error","timestamp":"2025-10-08T03:38:24.220Z"}
{"error":"Upload failed","level":"error","message":"Upload error","timestamp":"2025-10-08T03:38:24.224Z"}
{"level":"warn","message":"Session middleware not configured before registerRoutes; applying default session middleware","timestamp":"2025-10-08T03:39:15.013Z"}
{"level":"warn","message":"Session middleware not configured before registerRoutes; applying default session middleware","timestamp":"2025-10-08T03:39:15.704Z"}
{"level":"warn","message":"API 404","method":"GET","originalUrl":"/api/debug/reddit-session","path":"/","timestamp":"2025-10-08T03:39:15.719Z","url":"/"}
{"filename":"test.jpg","level":"info","message":"File uploaded successfully","size":15,"timestamp":"2025-10-08T03:39:22.368Z","userId":1}
{"error":"Storage quota exceeded. Used: 100MB, Quota: 100MB","level":"error","message":"Upload error","timestamp":"2025-10-08T03:39:22.376Z"}
{"error":"Upload failed","level":"error","message":"Upload error","timestamp":"2025-10-08T03:39:22.381Z"}
{"level":"warn","message":"ADMIN_PASSWORD_HASH environment variable is not set. Admin login is disabled.","timestamp":"2025-10-08T11:02:51.935Z"}
{"level":"warn","message":"ADMIN_EMAIL environment variable is not set. Admin login is disabled.","timestamp":"2025-10-08T11:02:51.936Z"}
{"level":"warn","message":"Session middleware not configured before registerRoutes; applying default session middleware","timestamp":"2025-10-08T11:04:29.488Z"}
{"level":"warn","message":"Session middleware not configured before registerRoutes; applying default session middleware","timestamp":"2025-10-08T11:04:30.193Z"}
{"level":"warn","message":"API 404","method":"GET","originalUrl":"/api/debug/reddit-session","path":"/","timestamp":"2025-10-08T11:04:30.209Z","url":"/"}
{"filename":"test.jpg","level":"info","message":"File uploaded successfully","size":15,"timestamp":"2025-10-08T11:04:36.685Z","userId":1}
{"error":"Storage quota exceeded. Used: 100MB, Quota: 100MB","level":"error","message":"Upload error","timestamp":"2025-10-08T11:04:36.691Z"}
{"error":"Upload failed","level":"error","message":"Upload error","timestamp":"2025-10-08T11:04:36.695Z"}
{"level":"warn","message":"ADMIN_PASSWORD_HASH environment variable is not set. Admin login is disabled.","timestamp":"2025-10-09T01:17:56.275Z"}
{"level":"warn","message":"ADMIN_EMAIL environment variable is not set. Admin login is disabled.","timestamp":"2025-10-09T01:17:56.276Z"}
