{"correlationId":"dbaea42c-2cf7-4a54-ab3f-719902b77864","level":"info","message":"📊 Updating analytics metrics","timestamp":"2025-10-19T05:00:00.024Z"}
{"level":"info","message":"📊 Updating analytics metrics","timestamp":"2025-10-19T05:00:00.024Z"}
{"level":"info","message":"⏰ Starting caption metrics polling...","timestamp":"2025-10-19T05:15:00.015Z"}
{"correlationId":"dbaea42c-2cf7-4a54-ab3f-719902b77864","level":"info","message":"⏰ Starting caption metrics polling...","timestamp":"2025-10-19T05:15:00.016Z"}
{"correlationId":"dbaea42c-2cf7-4a54-ab3f-719902b77864","level":"info","message":"📊 Caption metrics polling complete: 0 updated, 0 errors","timestamp":"2025-10-19T05:15:01.010Z"}
{"level":"info","message":"📊 Caption metrics polling complete: 0 updated, 0 errors","timestamp":"2025-10-19T05:15:01.190Z"}
{"level":"info","message":"📊 Updating analytics metrics","timestamp":"2025-10-19T06:00:00.016Z"}
{"correlationId":"dbaea42c-2cf7-4a54-ab3f-719902b77864","level":"info","message":"📊 Updating analytics metrics","timestamp":"2025-10-19T06:00:00.017Z"}
{"correlationId":"dbaea42c-2cf7-4a54-ab3f-719902b77864","level":"info","message":"⏰ Starting caption metrics polling...","timestamp":"2025-10-19T06:15:00.019Z"}
{"level":"info","message":"⏰ Starting caption metrics polling...","timestamp":"2025-10-19T06:15:00.019Z"}
{"correlationId":"dbaea42c-2cf7-4a54-ab3f-719902b77864","level":"info","message":"📊 Caption metrics polling complete: 0 updated, 0 errors","timestamp":"2025-10-19T06:15:00.654Z"}
{"level":"info","message":"📊 Caption metrics polling complete: 0 updated, 0 errors","timestamp":"2025-10-19T06:15:00.750Z"}
{"level":"info","message":"🏥 Starting daily health checks","timestamp":"2025-10-19T07:00:00.017Z"}
{"correlationId":"dbaea42c-2cf7-4a54-ab3f-719902b77864","level":"info","message":"🏥 Starting daily health checks","timestamp":"2025-10-19T07:00:00.017Z"}
{"correlationId":"dbaea42c-2cf7-4a54-ab3f-719902b77864","level":"info","message":"📊 Updating analytics metrics","timestamp":"2025-10-19T07:00:00.018Z"}
{"level":"info","message":"📊 Updating analytics metrics","timestamp":"2025-10-19T07:00:00.018Z"}
{"correlationId":"dbaea42c-2cf7-4a54-ab3f-719902b77864","level":"info","message":"📊 Running health checks for 0 active users","timestamp":"2025-10-19T07:00:00.582Z"}
{"correlationId":"dbaea42c-2cf7-4a54-ab3f-719902b77864","level":"info","message":"✅ Daily health checks completed","timestamp":"2025-10-19T07:00:00.582Z"}
{"level":"info","message":"📊 Running health checks for 0 active users","timestamp":"2025-10-19T07:00:00.800Z"}
{"level":"info","message":"✅ Daily health checks completed","timestamp":"2025-10-19T07:00:00.801Z"}
{"level":"info","message":"⏰ Starting caption metrics polling...","timestamp":"2025-10-19T07:15:00.013Z"}
{"correlationId":"dbaea42c-2cf7-4a54-ab3f-719902b77864","level":"info","message":"⏰ Starting caption metrics polling...","timestamp":"2025-10-19T07:15:00.015Z"}
{"correlationId":"dbaea42c-2cf7-4a54-ab3f-719902b77864","level":"info","message":"📊 Caption metrics polling complete: 0 updated, 0 errors","timestamp":"2025-10-19T07:15:01.053Z"}
{"level":"info","message":"📊 Caption metrics polling complete: 0 updated, 0 errors","timestamp":"2025-10-19T07:15:01.055Z"}
{"level":"info","message":"⏰ Updating optimal posting times cache","timestamp":"2025-10-19T08:00:00.029Z"}
{"correlationId":"dbaea42c-2cf7-4a54-ab3f-719902b77864","level":"info","message":"⏰ Updating optimal posting times cache","timestamp":"2025-10-19T08:00:00.030Z"}
{"correlationId":"dbaea42c-2cf7-4a54-ab3f-719902b77864","level":"info","message":"📊 Updating analytics metrics","timestamp":"2025-10-19T08:00:00.031Z"}
{"level":"info","message":"📊 Updating analytics metrics","timestamp":"2025-10-19T08:00:00.032Z"}
{"level":"info","message":"🧹 Cleaned up old scheduled posts","timestamp":"2025-10-19T08:00:00.115Z"}
{"error":"for SELECT DISTINCT, ORDER BY expressions must appear in select list","level":"error","message":"❌ Failed to update optimal times cache","timestamp":"2025-10-19T08:00:00.875Z"}
{"correlationId":"dbaea42c-2cf7-4a54-ab3f-719902b77864","level":"info","message":"🧹 Cleaned up old scheduled posts","timestamp":"2025-10-19T08:00:00.961Z"}
{"correlationId":"dbaea42c-2cf7-4a54-ab3f-719902b77864","error":"for SELECT DISTINCT, ORDER BY expressions must appear in select list","level":"error","message":"❌ Failed to update optimal times cache","timestamp":"2025-10-19T08:00:01.083Z"}
{"level":"info","message":"⏰ Starting caption metrics polling...","timestamp":"2025-10-19T08:15:00.019Z"}
{"correlationId":"dbaea42c-2cf7-4a54-ab3f-719902b77864","level":"info","message":"⏰ Starting caption metrics polling...","timestamp":"2025-10-19T08:15:00.022Z"}
{"correlationId":"dbaea42c-2cf7-4a54-ab3f-719902b77864","level":"info","message":"📊 Caption metrics polling complete: 0 updated, 0 errors","timestamp":"2025-10-19T08:15:01.089Z"}
{"level":"info","message":"📊 Caption metrics polling complete: 0 updated, 0 errors","timestamp":"2025-10-19T08:15:01.264Z"}
{"correlationId":"dbaea42c-2cf7-4a54-ab3f-719902b77864","level":"info","message":"📊 Updating analytics metrics","timestamp":"2025-10-19T09:00:00.039Z"}
{"correlationId":"dbaea42c-2cf7-4a54-ab3f-719902b77864","level":"info","message":"💾 Starting database backup","timestamp":"2025-10-19T09:00:00.041Z"}
{"level":"info","message":"💾 Starting database backup","timestamp":"2025-10-19T09:00:00.042Z"}
{"level":"info","message":"📊 Updating analytics metrics","timestamp":"2025-10-19T09:00:00.042Z"}
{"correlationId":"dbaea42c-2cf7-4a54-ab3f-719902b77864","error":"Command failed: npm run db:backup\n/home/dave/CascadeProjects/TPilot/scripts/validate-db-backup.ts:194\nif (require.main === module) {\n^\n\n\nReferenceError: require is not defined in ES module scope, you can use import instead\n    at <anonymous> (/home/dave/CascadeProjects/TPilot/scripts/validate-db-backup.ts:194:1)\n    at ModuleJob.run (node:internal/modules/esm/module_job:325:25)\n    at async ModuleLoader.import (node:internal/modules/esm/loader:606:24)\n    at async asyncRunEntryPointWithESMLoader (node:internal/modules/run_main:117:5)\n\nNode.js v20.19.5\n","level":"error","message":"❌ Failed to perform database backup","timestamp":"2025-10-19T09:00:00.637Z"}
{"error":"Command failed: npm run db:backup\n/home/dave/CascadeProjects/TPilot/scripts/validate-db-backup.ts:194\nif (require.main === module) {\n^\n\n\nReferenceError: require is not defined in ES module scope, you can use import instead\n    at <anonymous> (/home/dave/CascadeProjects/TPilot/scripts/validate-db-backup.ts:194:1)\n    at ModuleJob.run (node:internal/modules/esm/module_job:325:25)\n    at async ModuleLoader.import (node:internal/modules/esm/loader:606:24)\n    at async asyncRunEntryPointWithESMLoader (node:internal/modules/run_main:117:5)\n\nNode.js v20.19.5\n","level":"error","message":"❌ Failed to perform database backup","timestamp":"2025-10-19T09:00:00.645Z"}
{"level":"info","message":"⏰ Starting caption metrics polling...","timestamp":"2025-10-19T09:15:00.014Z"}
{"correlationId":"dbaea42c-2cf7-4a54-ab3f-719902b77864","level":"info","message":"⏰ Starting caption metrics polling...","timestamp":"2025-10-19T09:15:00.015Z"}
{"correlationId":"dbaea42c-2cf7-4a54-ab3f-719902b77864","level":"info","message":"📊 Caption metrics polling complete: 0 updated, 0 errors","timestamp":"2025-10-19T09:15:00.670Z"}
{"level":"info","message":"📊 Caption metrics polling complete: 0 updated, 0 errors","timestamp":"2025-10-19T09:15:00.676Z"}
{"date":"Sun Oct 19 2025 04:39:44 GMT-0500 (Central Daylight Time)","error":{},"level":"error","message":"unhandledRejection: caption request failed\nError: caption request failed\n    at /home/dave/CascadeProjects/TPilot/server/caption/nsfwFallback.ts:99:13\n    at retryWithBackoff (/home/dave/CascadeProjects/TPilot/server/caption/nsfwFallback.ts:27:14)\n    at captionImage (/home/dave/CascadeProjects/TPilot/server/caption/nsfwFallback.ts:89:15)\n    at Module.nsfwCaptionFallback (/home/dave/CascadeProjects/TPilot/server/caption/nsfwFallback.ts:120:19)","os":{"loadavg":[3.11,2.77,2.61],"uptime":38184.72},"process":{"argv":["/usr/bin/node","/home/dave/CascadeProjects/TPilot/node_modules/tinypool/dist/entry/process.js"],"cwd":"/home/dave/CascadeProjects/TPilot","execPath":"/usr/bin/node","gid":1000,"memoryUsage":{"arrayBuffers":655606,"external":4367896,"heapTotal":163733504,"heapUsed":136870704,"rss":237981696},"pid":151948,"uid":1000,"version":"v20.19.5"},"rejection":true,"stack":"Error: caption request failed\n    at /home/dave/CascadeProjects/TPilot/server/caption/nsfwFallback.ts:99:13\n    at retryWithBackoff (/home/dave/CascadeProjects/TPilot/server/caption/nsfwFallback.ts:27:14)\n    at captionImage (/home/dave/CascadeProjects/TPilot/server/caption/nsfwFallback.ts:89:15)\n    at Module.nsfwCaptionFallback (/home/dave/CascadeProjects/TPilot/server/caption/nsfwFallback.ts:120:19)","timestamp":"2025-10-19T09:39:44.375Z","trace":[{"column":13,"file":"/home/dave/CascadeProjects/TPilot/server/caption/nsfwFallback.ts","function":null,"line":99,"method":null,"native":false},{"column":14,"file":"/home/dave/CascadeProjects/TPilot/server/caption/nsfwFallback.ts","function":"retryWithBackoff","line":27,"method":null,"native":false},{"column":15,"file":"/home/dave/CascadeProjects/TPilot/server/caption/nsfwFallback.ts","function":"captionImage","line":89,"method":null,"native":false},{"column":19,"file":"/home/dave/CascadeProjects/TPilot/server/caption/nsfwFallback.ts","function":"Module.nsfwCaptionFallback","line":120,"method":"nsfwCaptionFallback","native":false}]}
{"date":"Sun Oct 19 2025 04:41:38 GMT-0500 (Central Daylight Time)","error":{},"level":"error","message":"unhandledRejection: caption request failed\nError: caption request failed\n    at /home/dave/CascadeProjects/TPilot/server/caption/nsfwFallback.ts:99:13\n    at retryWithBackoff (/home/dave/CascadeProjects/TPilot/server/caption/nsfwFallback.ts:27:14)\n    at captionImage (/home/dave/CascadeProjects/TPilot/server/caption/nsfwFallback.ts:89:15)\n    at Module.nsfwCaptionFallback (/home/dave/CascadeProjects/TPilot/server/caption/nsfwFallback.ts:120:19)","os":{"loadavg":[1.87,2.47,2.52],"uptime":38298.77},"process":{"argv":["/usr/bin/node","/home/dave/CascadeProjects/TPilot/node_modules/tinypool/dist/entry/process.js"],"cwd":"/home/dave/CascadeProjects/TPilot","execPath":"/usr/bin/node","gid":1000,"memoryUsage":{"arrayBuffers":531687,"external":4273401,"heapTotal":156659712,"heapUsed":124337512,"rss":235757568},"pid":152929,"uid":1000,"version":"v20.19.5"},"rejection":true,"stack":"Error: caption request failed\n    at /home/dave/CascadeProjects/TPilot/server/caption/nsfwFallback.ts:99:13\n    at retryWithBackoff (/home/dave/CascadeProjects/TPilot/server/caption/nsfwFallback.ts:27:14)\n    at captionImage (/home/dave/CascadeProjects/TPilot/server/caption/nsfwFallback.ts:89:15)\n    at Module.nsfwCaptionFallback (/home/dave/CascadeProjects/TPilot/server/caption/nsfwFallback.ts:120:19)","timestamp":"2025-10-19T09:41:38.428Z","trace":[{"column":13,"file":"/home/dave/CascadeProjects/TPilot/server/caption/nsfwFallback.ts","function":null,"line":99,"method":null,"native":false},{"column":14,"file":"/home/dave/CascadeProjects/TPilot/server/caption/nsfwFallback.ts","function":"retryWithBackoff","line":27,"method":null,"native":false},{"column":15,"file":"/home/dave/CascadeProjects/TPilot/server/caption/nsfwFallback.ts","function":"captionImage","line":89,"method":null,"native":false},{"column":19,"file":"/home/dave/CascadeProjects/TPilot/server/caption/nsfwFallback.ts","function":"Module.nsfwCaptionFallback","line":120,"method":"nsfwCaptionFallback","native":false}]}
{"correlationId":"dbaea42c-2cf7-4a54-ab3f-719902b77864","level":"info","message":"📊 Updating analytics metrics","timestamp":"2025-10-19T10:00:00.011Z"}
{"level":"info","message":"📊 Updating analytics metrics","timestamp":"2025-10-19T10:00:00.013Z"}
{"correlationId":"dbaea42c-2cf7-4a54-ab3f-719902b77864","level":"info","message":"⏰ Starting caption metrics polling...","timestamp":"2025-10-19T10:15:00.044Z"}
{"level":"info","message":"⏰ Starting caption metrics polling...","timestamp":"2025-10-19T10:15:00.045Z"}
{"level":"info","message":"📊 Caption metrics polling complete: 0 updated, 0 errors","timestamp":"2025-10-19T10:15:00.863Z"}
{"correlationId":"dbaea42c-2cf7-4a54-ab3f-719902b77864","level":"info","message":"📊 Caption metrics polling complete: 0 updated, 0 errors","timestamp":"2025-10-19T10:15:00.966Z"}
