{"correlationId":"dbaea42c-2cf7-4a54-ab3f-719902b77864","level":"debug","message":"⏰ Running cron job: process-scheduled-posts","timestamp":"2025-10-19T05:00:00.019Z"}
{"level":"debug","message":"⏰ Running cron job: check-stuck-jobs","timestamp":"2025-10-19T05:00:00.018Z"}
{"correlationId":"dbaea42c-2cf7-4a54-ab3f-719902b77864","level":"debug","message":"⏰ Running cron job: update-analytics","timestamp":"2025-10-19T05:00:00.024Z"}
{"correlationId":"dbaea42c-2cf7-4a54-ab3f-719902b77864","level":"info","message":"📊 Updating analytics metrics","timestamp":"2025-10-19T05:00:00.024Z"}
{"correlationId":"dbaea42c-2cf7-4a54-ab3f-719902b77864","level":"debug","message":"⏰ Running cron job: check-stuck-jobs","timestamp":"2025-10-19T05:00:00.025Z"}
{"level":"debug","message":"⏰ Running cron job: update-analytics","timestamp":"2025-10-19T05:00:00.024Z"}
{"level":"info","message":"📊 Updating analytics metrics","timestamp":"2025-10-19T05:00:00.024Z"}
{"level":"debug","message":"⏰ Running cron job: process-scheduled-posts","timestamp":"2025-10-19T05:00:00.025Z"}
{"correlationId":"dbaea42c-2cf7-4a54-ab3f-719902b77864","level":"debug","message":"Health metrics collected","process":{"cpu":{"system":11483817,"user":65808886},"memory":{"external":6.248509407043457,"heapTotal":109.30078125,"heapUsed":99.48614501953125,"rss":244.578125},"pid":16794,"uptime":18421.893823408},"system":{"freeMemory":18783.0234375,"loadAverage":[1.68,2.05,1.66],"totalMemory":32039.31640625},"timestamp":"2025-10-19T05:00:35.551Z"}
{"level":"debug","message":"Health metrics collected","process":{"cpu":{"system":10847122,"user":62564220},"memory":{"external":6.266819000244141,"heapTotal":110.55078125,"heapUsed":100.91112518310547,"rss":242.66015625},"pid":8054,"uptime":20401.442908951},"system":{"freeMemory":18803.28515625,"loadAverage":[1.76,2.04,1.67],"totalMemory":32039.31640625},"timestamp":"2025-10-19T05:00:49.724Z"}
{"level":"debug","message":"⏰ Running cron job: process-scheduled-posts","timestamp":"2025-10-19T05:01:00.005Z"}
{"correlationId":"dbaea42c-2cf7-4a54-ab3f-719902b77864","level":"debug","message":"⏰ Running cron job: process-scheduled-posts","timestamp":"2025-10-19T05:01:00.006Z"}
{"correlationId":"dbaea42c-2cf7-4a54-ab3f-719902b77864","level":"debug","message":"Health metrics collected","process":{"cpu":{"system":11498160,"user":65917008},"memory":{"external":6.235590934753418,"heapTotal":109.30078125,"heapUsed":99.29834747314453,"rss":244.3984375},"pid":16794,"uptime":18481.893881209},"system":{"freeMemory":18717.79296875,"loadAverage":[1.98,2.04,1.68],"totalMemory":32039.31640625},"timestamp":"2025-10-19T05:01:35.551Z"}
{"level":"debug","message":"Health metrics collected","process":{"cpu":{"system":10867554,"user":62649000},"memory":{"external":6.282873153686523,"heapTotal":110.55078125,"heapUsed":101.5692138671875,"rss":242.96875},"pid":8054,"uptime":20461.443051352},"system":{"freeMemory":18585.73046875,"loadAverage":[2.68,2.19,1.74],"totalMemory":32039.31640625},"timestamp":"2025-10-19T05:01:49.725Z"}
{"correlationId":"dbaea42c-2cf7-4a54-ab3f-719902b77864","level":"debug","message":"⏰ Running cron job: process-scheduled-posts","timestamp":"2025-10-19T05:02:00.005Z"}
{"level":"debug","message":"⏰ Running cron job: process-scheduled-posts","timestamp":"2025-10-19T05:02:00.008Z"}
{"correlationId":"dbaea42c-2cf7-4a54-ab3f-719902b77864","level":"debug","message":"Health metrics collected","process":{"cpu":{"system":11511564,"user":66030957},"memory":{"external":6.237456321716309,"heapTotal":109.30078125,"heapUsed":99.50576782226562,"rss":244.52734375},"pid":16794,"uptime":18541.894633567},"system":{"freeMemory":18631.74609375,"loadAverage":[2.34,2.15,1.75],"totalMemory":32039.31640625},"timestamp":"2025-10-19T05:02:35.552Z"}
{"level":"debug","message":"Health metrics collected","process":{"cpu":{"system":10884104,"user":62762891},"memory":{"external":6.2670488357543945,"heapTotal":110.55078125,"heapUsed":101.23379516601562,"rss":242.59765625},"pid":8054,"uptime":20521.443221651},"system":{"freeMemory":18556.38671875,"loadAverage":[2.49,2.19,1.77],"totalMemory":32039.31640625},"timestamp":"2025-10-19T05:02:49.725Z"}
{"correlationId":"dbaea42c-2cf7-4a54-ab3f-719902b77864","level":"debug","message":"⏰ Running cron job: process-scheduled-posts","timestamp":"2025-10-19T05:03:00.007Z"}
{"level":"debug","message":"⏰ Running cron job: process-scheduled-posts","timestamp":"2025-10-19T05:03:00.008Z"}
{"correlationId":"dbaea42c-2cf7-4a54-ab3f-719902b77864","level":"debug","message":"Health metrics collected","process":{"cpu":{"system":11532265,"user":66173493},"memory":{"external":6.254036903381348,"heapTotal":109.55078125,"heapUsed":99.94168853759766,"rss":244.703125},"pid":16794,"uptime":18601.894879539},"system":{"freeMemory":18766.33984375,"loadAverage":[1.84,2.07,1.74],"totalMemory":32039.31640625},"timestamp":"2025-10-19T05:03:35.552Z"}
{"level":"debug","message":"Health metrics collected","process":{"cpu":{"system":10904007,"user":62889726},"memory":{"external":6.300841331481934,"heapTotal":110.55078125,"heapUsed":101.81536102294922,"rss":243.15625},"pid":8054,"uptime":20581.443452547},"system":{"freeMemory":18707.96484375,"loadAverage":[2.18,2.13,1.77],"totalMemory":32039.31640625},"timestamp":"2025-10-19T05:03:49.725Z"}
{"correlationId":"dbaea42c-2cf7-4a54-ab3f-719902b77864","level":"debug","message":"⏰ Running cron job: process-scheduled-posts","timestamp":"2025-10-19T05:04:00.005Z"}
{"level":"debug","message":"⏰ Running cron job: process-scheduled-posts","timestamp":"2025-10-19T05:04:00.005Z"}
{"correlationId":"dbaea42c-2cf7-4a54-ab3f-719902b77864","level":"debug","message":"Health metrics collected","process":{"cpu":{"system":11549557,"user":66299406},"memory":{"external":6.269609451293945,"heapTotal":109.55078125,"heapUsed":100.07209014892578,"rss":244.26953125},"pid":16794,"uptime":18661.895847313},"system":{"freeMemory":18694.6015625,"loadAverage":[2.34,2.16,1.8],"totalMemory":32039.31640625},"timestamp":"2025-10-19T05:04:35.553Z"}
{"level":"debug","message":"Health metrics collected","process":{"cpu":{"system":10923763,"user":63005971},"memory":{"external":6.3309326171875,"heapTotal":110.55078125,"heapUsed":101.94194030761719,"rss":243.0625},"pid":8054,"uptime":20641.444402111},"system":{"freeMemory":18597.6875,"loadAverage":[2.6,2.22,1.82],"totalMemory":32039.31640625},"timestamp":"2025-10-19T05:04:49.726Z"}
{"correlationId":"dbaea42c-2cf7-4a54-ab3f-719902b77864","level":"debug","message":"⏰ Running cron job: check-stuck-jobs","timestamp":"2025-10-19T05:05:00.006Z"}
{"correlationId":"dbaea42c-2cf7-4a54-ab3f-719902b77864","level":"debug","message":"⏰ Running cron job: process-scheduled-posts","timestamp":"2025-10-19T05:05:00.007Z"}
{"level":"debug","message":"⏰ Running cron job: check-stuck-jobs","timestamp":"2025-10-19T05:05:00.013Z"}
{"level":"debug","message":"⏰ Running cron job: process-scheduled-posts","timestamp":"2025-10-19T05:05:00.014Z"}
{"correlationId":"dbaea42c-2cf7-4a54-ab3f-719902b77864","level":"debug","message":"Health metrics collected","process":{"cpu":{"system":11563467,"user":66400242},"memory":{"external":6.279460906982422,"heapTotal":109.55078125,"heapUsed":100.15779876708984,"rss":244.3359375},"pid":16794,"uptime":18721.896750201},"system":{"freeMemory":18597.4453125,"loadAverage":[1.91,2.09,1.8],"totalMemory":32039.31640625},"timestamp":"2025-10-19T05:05:35.554Z"}
{"level":"debug","message":"Health metrics collected","process":{"cpu":{"system":10937912,"user":63107641},"memory":{"external":6.342898368835449,"heapTotal":110.55078125,"heapUsed":102.1592788696289,"rss":243.32421875},"pid":8054,"uptime":20701.444838861},"system":{"freeMemory":18682.9765625,"loadAverage":[1.85,2.07,1.8],"totalMemory":32039.31640625},"timestamp":"2025-10-19T05:05:49.726Z"}
{"correlationId":"dbaea42c-2cf7-4a54-ab3f-719902b77864","level":"debug","message":"⏰ Running cron job: process-scheduled-posts","timestamp":"2025-10-19T05:06:00.005Z"}
{"level":"debug","message":"⏰ Running cron job: process-scheduled-posts","timestamp":"2025-10-19T05:06:00.006Z"}
{"correlationId":"dbaea42c-2cf7-4a54-ab3f-719902b77864","level":"debug","message":"Health metrics collected","process":{"cpu":{"system":11582702,"user":66509239},"memory":{"external":6.284612655639648,"heapTotal":109.55078125,"heapUsed":100.60183715820312,"rss":244.65234375},"pid":16794,"uptime":18781.897742908},"system":{"freeMemory":18521.828125,"loadAverage":[2.04,2.07,1.81],"totalMemory":32039.31640625},"timestamp":"2025-10-19T05:06:35.555Z"}
{"level":"debug","message":"Health metrics collected","process":{"cpu":{"system":10959608,"user":63211555},"memory":{"external":6.33817195892334,"heapTotal":110.55078125,"heapUsed":102.00297546386719,"rss":243.0390625},"pid":8054,"uptime":20761.445509486},"system":{"freeMemory":18635.46875,"loadAverage":[1.75,2,1.79],"totalMemory":32039.31640625},"timestamp":"2025-10-19T05:06:49.727Z"}
{"level":"debug","message":"⏰ Running cron job: process-scheduled-posts","timestamp":"2025-10-19T05:07:00.006Z"}
{"correlationId":"dbaea42c-2cf7-4a54-ab3f-719902b77864","level":"debug","message":"⏰ Running cron job: process-scheduled-posts","timestamp":"2025-10-19T05:07:00.008Z"}
{"correlationId":"dbaea42c-2cf7-4a54-ab3f-719902b77864","level":"debug","message":"Health metrics collected","process":{"cpu":{"system":11601965,"user":66638470},"memory":{"external":6.282315254211426,"heapTotal":109.55078125,"heapUsed":100.57534790039062,"rss":245.046875},"pid":16794,"uptime":18841.897643934},"system":{"freeMemory":18544.109375,"loadAverage":[1.59,1.91,1.77],"totalMemory":32039.31640625},"timestamp":"2025-10-19T05:07:35.555Z"}
{"level":"debug","message":"Health metrics collected","process":{"cpu":{"system":10971066,"user":63332589},"memory":{"external":6.3324737548828125,"heapTotal":110.55078125,"heapUsed":102.06243133544922,"rss":243.1484375},"pid":8054,"uptime":20821.446410741},"system":{"freeMemory":19314.1484375,"loadAverage":[1.31,1.83,1.74],"totalMemory":32039.31640625},"timestamp":"2025-10-19T05:07:49.728Z"}
{"correlationId":"dbaea42c-2cf7-4a54-ab3f-719902b77864","level":"debug","message":"⏰ Running cron job: process-scheduled-posts","timestamp":"2025-10-19T05:08:00.004Z"}
{"level":"debug","message":"⏰ Running cron job: process-scheduled-posts","timestamp":"2025-10-19T05:08:00.005Z"}
{"correlationId":"dbaea42c-2cf7-4a54-ab3f-719902b77864","level":"debug","message":"Health metrics collected","process":{"cpu":{"system":11621132,"user":66775718},"memory":{"external":6.2714128494262695,"heapTotal":109.55078125,"heapUsed":100.43558502197266,"rss":244.95703125},"pid":16794,"uptime":18901.897085478},"system":{"freeMemory":19403.14453125,"loadAverage":[1.28,1.73,1.71],"totalMemory":32039.31640625},"timestamp":"2025-10-19T05:08:35.554Z"}
{"level":"debug","message":"Health metrics collected","process":{"cpu":{"system":10988599,"user":63451932},"memory":{"external":6.331315040588379,"heapTotal":110.55078125,"heapUsed":102.18309783935547,"rss":242.78515625},"pid":8054,"uptime":20881.447429792},"system":{"freeMemory":19465.5,"loadAverage":[1.27,1.71,1.71],"totalMemory":32039.31640625},"timestamp":"2025-10-19T05:08:49.729Z"}
{"level":"debug","message":"⏰ Running cron job: process-scheduled-posts","timestamp":"2025-10-19T05:09:00.006Z"}
{"correlationId":"dbaea42c-2cf7-4a54-ab3f-719902b77864","level":"debug","message":"⏰ Running cron job: process-scheduled-posts","timestamp":"2025-10-19T05:09:00.006Z"}
{"correlationId":"dbaea42c-2cf7-4a54-ab3f-719902b77864","level":"debug","message":"Health metrics collected","process":{"cpu":{"system":11637817,"user":66900845},"memory":{"external":6.280116081237793,"heapTotal":109.55078125,"heapUsed":100.69681549072266,"rss":244.16015625},"pid":16794,"uptime":18961.897621251},"system":{"freeMemory":18880.41796875,"loadAverage":[1.11,1.6,1.67],"totalMemory":32039.31640625},"timestamp":"2025-10-19T05:09:35.555Z"}
{"level":"debug","message":"Health metrics collected","process":{"cpu":{"system":11005265,"user":63559129},"memory":{"external":6.3294172286987305,"heapTotal":110.55078125,"heapUsed":102.0056381225586,"rss":242.578125},"pid":8054,"uptime":20941.446439914},"system":{"freeMemory":19433.2421875,"loadAverage":[1.47,1.65,1.69],"totalMemory":32039.31640625},"timestamp":"2025-10-19T05:09:49.728Z"}
{"correlationId":"dbaea42c-2cf7-4a54-ab3f-719902b77864","level":"debug","message":"⏰ Running cron job: check-stuck-jobs","timestamp":"2025-10-19T05:10:00.010Z"}
{"correlationId":"dbaea42c-2cf7-4a54-ab3f-719902b77864","level":"debug","message":"⏰ Running cron job: process-scheduled-posts","timestamp":"2025-10-19T05:10:00.011Z"}
{"level":"debug","message":"⏰ Running cron job: check-stuck-jobs","timestamp":"2025-10-19T05:10:00.012Z"}
{"level":"debug","message":"⏰ Running cron job: process-scheduled-posts","timestamp":"2025-10-19T05:10:00.013Z"}
{"correlationId":"dbaea42c-2cf7-4a54-ab3f-719902b77864","level":"debug","message":"Health metrics collected","process":{"cpu":{"system":11662695,"user":67021124},"memory":{"external":6.293535232543945,"heapTotal":109.55078125,"heapUsed":101.14335632324219,"rss":244.9296875},"pid":16794,"uptime":19021.897521964},"system":{"freeMemory":19479.37890625,"loadAverage":[1.01,1.51,1.63],"totalMemory":32039.31640625},"timestamp":"2025-10-19T05:10:35.555Z"}
{"level":"debug","message":"Health metrics collected","process":{"cpu":{"system":11023432,"user":63684490},"memory":{"external":6.321063995361328,"heapTotal":110.55078125,"heapUsed":102.10303497314453,"rss":242.54296875},"pid":8054,"uptime":21001.448378233},"system":{"freeMemory":19334.96484375,"loadAverage":[0.94,1.47,1.62],"totalMemory":32039.31640625},"timestamp":"2025-10-19T05:10:49.730Z"}
{"level":"debug","message":"⏰ Running cron job: process-scheduled-posts","timestamp":"2025-10-19T05:11:00.006Z"}
{"correlationId":"dbaea42c-2cf7-4a54-ab3f-719902b77864","level":"debug","message":"⏰ Running cron job: process-scheduled-posts","timestamp":"2025-10-19T05:11:00.007Z"}
{"correlationId":"dbaea42c-2cf7-4a54-ab3f-719902b77864","level":"debug","message":"Health metrics collected","process":{"cpu":{"system":11678175,"user":67145758},"memory":{"external":6.285755157470703,"heapTotal":109.55078125,"heapUsed":100.98645782470703,"rss":244.71484375},"pid":16794,"uptime":19081.89733038},"system":{"freeMemory":19026.6953125,"loadAverage":[1.95,1.75,1.71],"totalMemory":32039.31640625},"timestamp":"2025-10-19T05:11:35.554Z"}
{"level":"debug","message":"Health metrics collected","process":{"cpu":{"system":11041359,"user":63797102},"memory":{"external":6.3315019607543945,"heapTotal":110.55078125,"heapUsed":102.35850524902344,"rss":242.72265625},"pid":8054,"uptime":21061.449439732},"system":{"freeMemory":19107.96484375,"loadAverage":[1.76,1.72,1.7],"totalMemory":32039.31640625},"timestamp":"2025-10-19T05:11:49.731Z"}
{"level":"debug","message":"⏰ Running cron job: process-scheduled-posts","timestamp":"2025-10-19T05:12:00.006Z"}
{"correlationId":"dbaea42c-2cf7-4a54-ab3f-719902b77864","level":"debug","message":"⏰ Running cron job: process-scheduled-posts","timestamp":"2025-10-19T05:12:00.007Z"}
{"correlationId":"dbaea42c-2cf7-4a54-ab3f-719902b77864","level":"debug","message":"Health metrics collected","process":{"cpu":{"system":11701871,"user":67249856},"memory":{"external":6.282168388366699,"heapTotal":109.55078125,"heapUsed":100.98905181884766,"rss":244.89453125},"pid":16794,"uptime":19141.897509655},"system":{"freeMemory":19285.46875,"loadAverage":[1.18,1.58,1.66],"totalMemory":32039.31640625},"timestamp":"2025-10-19T05:12:35.555Z"}
{"level":"debug","message":"Health metrics collected","process":{"cpu":{"system":11056861,"user":63906844},"memory":{"external":6.330061912536621,"heapTotal":110.55078125,"heapUsed":102.50555419921875,"rss":242.55859375},"pid":8054,"uptime":21121.449323909},"system":{"freeMemory":19215.34765625,"loadAverage":[1.12,1.55,1.64],"totalMemory":32039.31640625},"timestamp":"2025-10-19T05:12:49.731Z"}
{"level":"debug","message":"⏰ Running cron job: process-scheduled-posts","timestamp":"2025-10-19T05:13:00.009Z"}
{"correlationId":"dbaea42c-2cf7-4a54-ab3f-719902b77864","level":"debug","message":"⏰ Running cron job: process-scheduled-posts","timestamp":"2025-10-19T05:13:00.009Z"}
{"correlationId":"dbaea42c-2cf7-4a54-ab3f-719902b77864","level":"debug","message":"Health metrics collected","process":{"cpu":{"system":11716352,"user":67373045},"memory":{"external":6.304614067077637,"heapTotal":109.55078125,"heapUsed":101.52165985107422,"rss":244.8359375},"pid":16794,"uptime":19201.898164168},"system":{"freeMemory":18495.7890625,"loadAverage":[1.67,1.62,1.66],"totalMemory":32039.31640625},"timestamp":"2025-10-19T05:13:35.555Z"}
{"level":"debug","message":"Health metrics collected","process":{"cpu":{"system":11073967,"user":64021868},"memory":{"external":6.322563171386719,"heapTotal":110.55078125,"heapUsed":102.36028289794922,"rss":242.6015625},"pid":8054,"uptime":21181.449028981},"system":{"freeMemory":17759.25,"loadAverage":[1.59,1.6,1.66],"totalMemory":32039.31640625},"timestamp":"2025-10-19T05:13:49.731Z"}
{"level":"debug","message":"⏰ Running cron job: process-scheduled-posts","timestamp":"2025-10-19T05:14:00.007Z"}
{"correlationId":"dbaea42c-2cf7-4a54-ab3f-719902b77864","level":"debug","message":"⏰ Running cron job: process-scheduled-posts","timestamp":"2025-10-19T05:14:00.007Z"}
{"correlationId":"dbaea42c-2cf7-4a54-ab3f-719902b77864","level":"debug","message":"Health metrics collected","process":{"cpu":{"system":11733601,"user":67485089},"memory":{"external":6.285800933837891,"heapTotal":109.55078125,"heapUsed":101.31510162353516,"rss":245.4296875},"pid":16794,"uptime":19261.898325564},"system":{"freeMemory":17934.75390625,"loadAverage":[1.35,1.54,1.63],"totalMemory":32039.31640625},"timestamp":"2025-10-19T05:14:35.555Z"}
{"level":"debug","message":"Health metrics collected","process":{"cpu":{"system":11100665,"user":64133046},"memory":{"external":6.344413757324219,"heapTotal":110.55078125,"heapUsed":102.962890625,"rss":242.98828125},"pid":8054,"uptime":21241.449296217},"system":{"freeMemory":17926,"loadAverage":[1.05,1.46,1.6],"totalMemory":32039.31640625},"timestamp":"2025-10-19T05:14:49.731Z"}
{"level":"debug","message":"⏰ Running cron job: process-scheduled-posts","timestamp":"2025-10-19T05:15:00.013Z"}
{"correlationId":"dbaea42c-2cf7-4a54-ab3f-719902b77864","level":"debug","message":"⏰ Running cron job: poll-caption-metrics","timestamp":"2025-10-19T05:15:00.013Z"}
{"level":"debug","message":"⏰ Running cron job: poll-caption-metrics","timestamp":"2025-10-19T05:15:00.013Z"}
{"level":"debug","message":"⏰ Running cron job: check-stuck-jobs","timestamp":"2025-10-19T05:15:00.014Z"}
{"correlationId":"dbaea42c-2cf7-4a54-ab3f-719902b77864","level":"debug","message":"⏰ Running cron job: check-stuck-jobs","timestamp":"2025-10-19T05:15:00.014Z"}
{"correlationId":"dbaea42c-2cf7-4a54-ab3f-719902b77864","level":"debug","message":"⏰ Running cron job: process-scheduled-posts","timestamp":"2025-10-19T05:15:00.015Z"}
{"level":"info","message":"⏰ Starting caption metrics polling...","timestamp":"2025-10-19T05:15:00.015Z"}
{"correlationId":"dbaea42c-2cf7-4a54-ab3f-719902b77864","level":"info","message":"⏰ Starting caption metrics polling...","timestamp":"2025-10-19T05:15:00.016Z"}
{"correlationId":"dbaea42c-2cf7-4a54-ab3f-719902b77864","level":"info","message":"📊 Caption metrics polling complete: 0 updated, 0 errors","timestamp":"2025-10-19T05:15:01.010Z"}
{"level":"info","message":"📊 Caption metrics polling complete: 0 updated, 0 errors","timestamp":"2025-10-19T05:15:01.190Z"}
{"correlationId":"dbaea42c-2cf7-4a54-ab3f-719902b77864","level":"debug","message":"Health metrics collected","process":{"cpu":{"system":11759740,"user":67621542},"memory":{"external":6.297366142272949,"heapTotal":109.55078125,"heapUsed":101.80459594726562,"rss":245.32421875},"pid":16794,"uptime":19321.898555991},"system":{"freeMemory":17929.54296875,"loadAverage":[0.95,1.36,1.56],"totalMemory":32039.31640625},"timestamp":"2025-10-19T05:15:35.556Z"}
{"level":"debug","message":"Health metrics collected","process":{"cpu":{"system":11125354,"user":64259877},"memory":{"external":6.355146408081055,"heapTotal":110.55078125,"heapUsed":102.59690856933594,"rss":242.58203125},"pid":8054,"uptime":21301.448594408},"system":{"freeMemory":17913.0625,"loadAverage":[0.88,1.33,1.55],"totalMemory":32039.31640625},"timestamp":"2025-10-19T05:15:49.730Z"}
{"level":"debug","message":"⏰ Running cron job: process-scheduled-posts","timestamp":"2025-10-19T05:16:00.007Z"}
{"correlationId":"dbaea42c-2cf7-4a54-ab3f-719902b77864","level":"debug","message":"⏰ Running cron job: process-scheduled-posts","timestamp":"2025-10-19T05:16:00.008Z"}
{"correlationId":"dbaea42c-2cf7-4a54-ab3f-719902b77864","level":"debug","message":"Health metrics collected","process":{"cpu":{"system":11775766,"user":67753278},"memory":{"external":6.287851333618164,"heapTotal":109.55078125,"heapUsed":101.65176391601562,"rss":245.22265625},"pid":16794,"uptime":19381.898266287},"system":{"freeMemory":17722.0703125,"loadAverage":[1,1.28,1.52],"totalMemory":32039.31640625},"timestamp":"2025-10-19T05:16:35.555Z"}
{"level":"debug","message":"Health metrics collected","process":{"cpu":{"system":11145061,"user":64387680},"memory":{"external":6.3562517166137695,"heapTotal":110.55078125,"heapUsed":103.3978271484375,"rss":243.47265625},"pid":8054,"uptime":21361.449299893},"system":{"freeMemory":17863.96484375,"loadAverage":[1.34,1.35,1.54],"totalMemory":32039.31640625},"timestamp":"2025-10-19T05:16:49.731Z"}
{"correlationId":"dbaea42c-2cf7-4a54-ab3f-719902b77864","level":"debug","message":"⏰ Running cron job: process-scheduled-posts","timestamp":"2025-10-19T05:17:00.008Z"}
{"level":"debug","message":"⏰ Running cron job: process-scheduled-posts","timestamp":"2025-10-19T05:17:00.008Z"}
{"correlationId":"dbaea42c-2cf7-4a54-ab3f-719902b77864","level":"debug","message":"Health metrics collected","process":{"cpu":{"system":11798786,"user":67870636},"memory":{"external":6.287832260131836,"heapTotal":109.55078125,"heapUsed":101.89700317382812,"rss":245.41796875},"pid":16794,"uptime":19441.89889329},"system":{"freeMemory":17771.78515625,"loadAverage":[1.35,1.37,1.54],"totalMemory":32039.31640625},"timestamp":"2025-10-19T05:17:35.556Z"}
{"level":"debug","message":"Health metrics collected","process":{"cpu":{"system":11160413,"user":64493888},"memory":{"external":6.331822395324707,"heapTotal":110.55078125,"heapUsed":102.76212310791016,"rss":242.609375},"pid":8054,"uptime":21421.44891569},"system":{"freeMemory":17810.4609375,"loadAverage":[1.41,1.39,1.54],"totalMemory":32039.31640625},"timestamp":"2025-10-19T05:17:49.730Z"}
{"level":"debug","message":"⏰ Running cron job: process-scheduled-posts","timestamp":"2025-10-19T05:18:00.006Z"}
{"correlationId":"dbaea42c-2cf7-4a54-ab3f-719902b77864","level":"debug","message":"⏰ Running cron job: process-scheduled-posts","timestamp":"2025-10-19T05:18:00.006Z"}
{"correlationId":"dbaea42c-2cf7-4a54-ab3f-719902b77864","level":"debug","message":"Health metrics collected","process":{"cpu":{"system":11822517,"user":67980279},"memory":{"external":6.300534248352051,"heapTotal":109.55078125,"heapUsed":102.14447784423828,"rss":244.9765625},"pid":16794,"uptime":19501.899850331},"system":{"freeMemory":17806.1171875,"loadAverage":[2.35,1.64,1.62],"totalMemory":32039.31640625},"timestamp":"2025-10-19T05:18:35.557Z"}
{"level":"debug","message":"Health metrics collected","process":{"cpu":{"system":11178634,"user":64599982},"memory":{"external":6.333687782287598,"heapTotal":110.55078125,"heapUsed":102.9689712524414,"rss":242.87109375},"pid":8054,"uptime":21481.448724614},"system":{"freeMemory":17870.9375,"loadAverage":[1.83,1.56,1.59],"totalMemory":32039.31640625},"timestamp":"2025-10-19T05:18:49.730Z"}
{"correlationId":"dbaea42c-2cf7-4a54-ab3f-719902b77864","level":"debug","message":"⏰ Running cron job: process-scheduled-posts","timestamp":"2025-10-19T05:19:00.004Z"}
{"level":"debug","message":"⏰ Running cron job: process-scheduled-posts","timestamp":"2025-10-19T05:19:00.006Z"}
{"correlationId":"dbaea42c-2cf7-4a54-ab3f-719902b77864","level":"debug","message":"Health metrics collected","process":{"cpu":{"system":11845055,"user":68093515},"memory":{"external":6.296220779418945,"heapTotal":109.55078125,"heapUsed":102.0964126586914,"rss":245.0234375},"pid":16794,"uptime":19561.900824665},"system":{"freeMemory":17838.71484375,"loadAverage":[1.42,1.51,1.57],"totalMemory":32039.31640625},"timestamp":"2025-10-19T05:19:35.558Z"}
{"level":"debug","message":"Health metrics collected","process":{"cpu":{"system":11201717,"user":64710827},"memory":{"external":6.356925964355469,"heapTotal":110.55078125,"heapUsed":103.66448211669922,"rss":243.1796875},"pid":8054,"uptime":21541.449436721},"system":{"freeMemory":18112.1796875,"loadAverage":[1.81,1.6,1.6],"totalMemory":32039.31640625},"timestamp":"2025-10-19T05:19:49.731Z"}
{"correlationId":"dbaea42c-2cf7-4a54-ab3f-719902b77864","level":"debug","message":"⏰ Running cron job: process-scheduled-posts","timestamp":"2025-10-19T05:20:00.013Z"}
{"level":"debug","message":"⏰ Running cron job: check-stuck-jobs","timestamp":"2025-10-19T05:20:00.013Z"}
{"correlationId":"dbaea42c-2cf7-4a54-ab3f-719902b77864","level":"debug","message":"⏰ Running cron job: check-stuck-jobs","timestamp":"2025-10-19T05:20:00.014Z"}
{"level":"debug","message":"⏰ Running cron job: process-scheduled-posts","timestamp":"2025-10-19T05:20:00.015Z"}
{"correlationId":"dbaea42c-2cf7-4a54-ab3f-719902b77864","level":"debug","message":"Health metrics collected","process":{"cpu":{"system":11865970,"user":68224266},"memory":{"external":6.285946846008301,"heapTotal":109.55078125,"heapUsed":101.88226318359375,"rss":244.8515625},"pid":16794,"uptime":19621.900700398},"system":{"freeMemory":18167.828125,"loadAverage":[1.44,1.53,1.58],"totalMemory":32039.31640625},"timestamp":"2025-10-19T05:20:35.558Z"}
{"level":"debug","message":"Health metrics collected","process":{"cpu":{"system":11230350,"user":64820292},"memory":{"external":6.343271255493164,"heapTotal":110.55078125,"heapUsed":103.43036651611328,"rss":242.8515625},"pid":8054,"uptime":21601.449669933},"system":{"freeMemory":18180.01171875,"loadAverage":[1.2,1.47,1.56],"totalMemory":32039.31640625},"timestamp":"2025-10-19T05:20:49.731Z"}
{"correlationId":"dbaea42c-2cf7-4a54-ab3f-719902b77864","level":"debug","message":"⏰ Running cron job: process-scheduled-posts","timestamp":"2025-10-19T05:21:00.010Z"}
{"level":"debug","message":"⏰ Running cron job: process-scheduled-posts","timestamp":"2025-10-19T05:21:00.010Z"}
{"correlationId":"dbaea42c-2cf7-4a54-ab3f-719902b77864","level":"debug","message":"Health metrics collected","process":{"cpu":{"system":11884226,"user":68338059},"memory":{"external":6.288473129272461,"heapTotal":109.55078125,"heapUsed":102.12650299072266,"rss":244.9296875},"pid":16794,"uptime":19681.900811285},"system":{"freeMemory":18103.390625,"loadAverage":[1.15,1.42,1.54],"totalMemory":32039.31640625},"timestamp":"2025-10-19T05:21:35.558Z"}
{"level":"debug","message":"Health metrics collected","process":{"cpu":{"system":11249975,"user":64928155},"memory":{"external":6.342080116271973,"heapTotal":110.55078125,"heapUsed":103.56179809570312,"rss":242.765625},"pid":8054,"uptime":21661.451077156},"system":{"freeMemory":18149.76953125,"loadAverage":[0.89,1.35,1.51],"totalMemory":32039.31640625},"timestamp":"2025-10-19T05:21:49.733Z"}
{"correlationId":"dbaea42c-2cf7-4a54-ab3f-719902b77864","level":"debug","message":"⏰ Running cron job: process-scheduled-posts","timestamp":"2025-10-19T05:22:00.009Z"}
{"level":"debug","message":"⏰ Running cron job: process-scheduled-posts","timestamp":"2025-10-19T05:22:00.009Z"}
{"correlationId":"dbaea42c-2cf7-4a54-ab3f-719902b77864","level":"debug","message":"Health metrics collected","process":{"cpu":{"system":11898753,"user":68465593},"memory":{"external":6.30373477935791,"heapTotal":109.55078125,"heapUsed":102.57577514648438,"rss":244.76953125},"pid":16794,"uptime":19741.900914928},"system":{"freeMemory":18173.10546875,"loadAverage":[0.81,1.25,1.47],"totalMemory":32039.31640625},"timestamp":"2025-10-19T05:22:35.558Z"}
{"level":"debug","message":"Health metrics collected","process":{"cpu":{"system":11265351,"user":65050907},"memory":{"external":6.357060432434082,"heapTotal":110.55078125,"heapUsed":103.92936706542969,"rss":243.25},"pid":8054,"uptime":21721.450993717},"system":{"freeMemory":18132.35546875,"loadAverage":[0.7,1.21,1.45],"totalMemory":32039.31640625},"timestamp":"2025-10-19T05:22:49.733Z"}
{"correlationId":"dbaea42c-2cf7-4a54-ab3f-719902b77864","level":"debug","message":"⏰ Running cron job: process-scheduled-posts","timestamp":"2025-10-19T05:23:00.007Z"}
{"level":"debug","message":"⏰ Running cron job: process-scheduled-posts","timestamp":"2025-10-19T05:23:00.014Z"}
{"correlationId":"dbaea42c-2cf7-4a54-ab3f-719902b77864","level":"debug","message":"Health metrics collected","process":{"cpu":{"system":11922033,"user":68577991},"memory":{"external":6.299800872802734,"heapTotal":109.55078125,"heapUsed":102.57178497314453,"rss":244.9453125},"pid":16794,"uptime":19801.901217001},"system":{"freeMemory":18102.02734375,"loadAverage":[0.89,1.18,1.43],"totalMemory":32039.31640625},"timestamp":"2025-10-19T05:23:35.558Z"}
{"level":"debug","message":"Health metrics collected","process":{"cpu":{"system":11288612,"user":65164879},"memory":{"external":6.3430681228637695,"heapTotal":110.55078125,"heapUsed":103.61100006103516,"rss":242.69140625},"pid":8054,"uptime":21781.451253223},"system":{"freeMemory":18070,"loadAverage":[1.14,1.22,1.44],"totalMemory":32039.31640625},"timestamp":"2025-10-19T05:23:49.733Z"}
{"level":"debug","message":"⏰ Running cron job: process-scheduled-posts","timestamp":"2025-10-19T05:24:00.008Z"}
{"correlationId":"dbaea42c-2cf7-4a54-ab3f-719902b77864","level":"debug","message":"⏰ Running cron job: process-scheduled-posts","timestamp":"2025-10-19T05:24:00.012Z"}
{"correlationId":"dbaea42c-2cf7-4a54-ab3f-719902b77864","level":"debug","message":"Health metrics collected","process":{"cpu":{"system":11940968,"user":68701904},"memory":{"external":6.286437034606934,"heapTotal":109.55078125,"heapUsed":102.13333892822266,"rss":244.48828125},"pid":16794,"uptime":19861.901914709},"system":{"freeMemory":18068.30859375,"loadAverage":[1.06,1.16,1.41],"totalMemory":32039.31640625},"timestamp":"2025-10-19T05:24:35.559Z"}
{"level":"debug","message":"Health metrics collected","process":{"cpu":{"system":11305878,"user":65271801},"memory":{"external":6.343860626220703,"heapTotal":110.55078125,"heapUsed":103.78557586669922,"rss":242.86328125},"pid":8054,"uptime":21841.450899053},"system":{"freeMemory":18081.41015625,"loadAverage":[1.11,1.17,1.4],"totalMemory":32039.31640625},"timestamp":"2025-10-19T05:24:49.732Z"}
{"correlationId":"dbaea42c-2cf7-4a54-ab3f-719902b77864","level":"debug","message":"⏰ Running cron job: process-scheduled-posts","timestamp":"2025-10-19T05:25:00.018Z"}
{"correlationId":"dbaea42c-2cf7-4a54-ab3f-719902b77864","level":"debug","message":"⏰ Running cron job: check-stuck-jobs","timestamp":"2025-10-19T05:25:00.019Z"}
{"level":"debug","message":"⏰ Running cron job: check-stuck-jobs","timestamp":"2025-10-19T05:25:00.022Z"}
{"level":"debug","message":"⏰ Running cron job: process-scheduled-posts","timestamp":"2025-10-19T05:25:00.024Z"}
{"correlationId":"dbaea42c-2cf7-4a54-ab3f-719902b77864","level":"debug","message":"Health metrics collected","process":{"cpu":{"system":11959824,"user":68835026},"memory":{"external":6.300615310668945,"heapTotal":109.55078125,"heapUsed":102.82144165039062,"rss":245.1953125},"pid":16794,"uptime":19921.902596422},"system":{"freeMemory":18053.88671875,"loadAverage":[1.34,1.22,1.41],"totalMemory":32039.31640625},"timestamp":"2025-10-19T05:25:35.560Z"}
{"level":"debug","message":"Health metrics collected","process":{"cpu":{"system":11320433,"user":65421268},"memory":{"external":6.348079681396484,"heapTotal":110.55078125,"heapUsed":104.33455657958984,"rss":243.15625},"pid":8054,"uptime":21901.450778655},"system":{"freeMemory":17797.60546875,"loadAverage":[1.62,1.29,1.43],"totalMemory":32039.31640625},"timestamp":"2025-10-19T05:25:49.732Z"}
{"level":"debug","message":"⏰ Running cron job: process-scheduled-posts","timestamp":"2025-10-19T05:26:00.005Z"}
{"correlationId":"dbaea42c-2cf7-4a54-ab3f-719902b77864","level":"debug","message":"⏰ Running cron job: process-scheduled-posts","timestamp":"2025-10-19T05:26:00.007Z"}
{"correlationId":"dbaea42c-2cf7-4a54-ab3f-719902b77864","level":"debug","message":"Health metrics collected","process":{"cpu":{"system":11977049,"user":68952067},"memory":{"external":6.302069664001465,"heapTotal":109.55078125,"heapUsed":103.02421569824219,"rss":245.4296875},"pid":16794,"uptime":19981.902692547},"system":{"freeMemory":17809.16796875,"loadAverage":[1.31,1.27,1.42],"totalMemory":32039.31640625},"timestamp":"2025-10-19T05:26:35.560Z"}
{"level":"debug","message":"Health metrics collected","process":{"cpu":{"system":11339471,"user":65528920},"memory":{"external":6.350563049316406,"heapTotal":110.55078125,"heapUsed":104.29405212402344,"rss":243.0390625},"pid":8054,"uptime":21961.451434179},"system":{"freeMemory":17859.89453125,"loadAverage":[1.1,1.22,1.4],"totalMemory":32039.31640625},"timestamp":"2025-10-19T05:26:49.733Z"}
{"correlationId":"dbaea42c-2cf7-4a54-ab3f-719902b77864","level":"debug","message":"⏰ Running cron job: process-scheduled-posts","timestamp":"2025-10-19T05:27:00.006Z"}
{"level":"debug","message":"⏰ Running cron job: process-scheduled-posts","timestamp":"2025-10-19T05:27:00.012Z"}
{"correlationId":"dbaea42c-2cf7-4a54-ab3f-719902b77864","level":"debug","message":"Health metrics collected","process":{"cpu":{"system":11997767,"user":69064224},"memory":{"external":6.279851913452148,"heapTotal":109.55078125,"heapUsed":102.4813232421875,"rss":244.2734375},"pid":16794,"uptime":20041.902779524},"system":{"freeMemory":17701.2734375,"loadAverage":[1.04,1.19,1.38],"totalMemory":32039.31640625},"timestamp":"2025-10-19T05:27:35.560Z"}
{"level":"debug","message":"Health metrics collected","process":{"cpu":{"system":11358065,"user":65646682},"memory":{"external":6.337991714477539,"heapTotal":110.55078125,"heapUsed":104.09693145751953,"rss":242.66015625},"pid":8054,"uptime":22021.451579714},"system":{"freeMemory":17691.84375,"loadAverage":[0.81,1.13,1.35],"totalMemory":32039.31640625},"timestamp":"2025-10-19T05:27:49.733Z"}
{"correlationId":"dbaea42c-2cf7-4a54-ab3f-719902b77864","level":"debug","message":"⏰ Running cron job: process-scheduled-posts","timestamp":"2025-10-19T05:28:00.007Z"}
{"level":"debug","message":"⏰ Running cron job: process-scheduled-posts","timestamp":"2025-10-19T05:28:00.008Z"}
{"correlationId":"dbaea42c-2cf7-4a54-ab3f-719902b77864","level":"debug","message":"Health metrics collected","process":{"cpu":{"system":12010265,"user":69179342},"memory":{"external":6.280329704284668,"heapTotal":109.55078125,"heapUsed":102.64414978027344,"rss":244.515625},"pid":16794,"uptime":20101.902465362},"system":{"freeMemory":17838.4140625,"loadAverage":[1.04,1.15,1.35],"totalMemory":32039.31640625},"timestamp":"2025-10-19T05:28:35.560Z"}
{"level":"debug","message":"Health metrics collected","process":{"cpu":{"system":11379735,"user":65733026},"memory":{"external":6.346315383911133,"heapTotal":110.55078125,"heapUsed":104.26910400390625,"rss":242.8671875},"pid":8054,"uptime":22081.452514991},"system":{"freeMemory":17776.80859375,"loadAverage":[0.95,1.13,1.34],"totalMemory":32039.31640625},"timestamp":"2025-10-19T05:28:49.734Z"}
{"correlationId":"dbaea42c-2cf7-4a54-ab3f-719902b77864","level":"debug","message":"⏰ Running cron job: process-scheduled-posts","timestamp":"2025-10-19T05:29:00.006Z"}
{"level":"debug","message":"⏰ Running cron job: process-scheduled-posts","timestamp":"2025-10-19T05:29:00.007Z"}
{"correlationId":"dbaea42c-2cf7-4a54-ab3f-719902b77864","level":"debug","message":"Health metrics collected","process":{"cpu":{"system":12038026,"user":69270754},"memory":{"external":6.299241065979004,"heapTotal":109.55078125,"heapUsed":102.97540283203125,"rss":244.9140625},"pid":16794,"uptime":20161.90273607},"system":{"freeMemory":17695.421875,"loadAverage":[1.24,1.17,1.35],"totalMemory":32039.31640625},"timestamp":"2025-10-19T05:29:35.560Z"}
{"level":"debug","message":"Health metrics collected","process":{"cpu":{"system":11393296,"user":65830045},"memory":{"external":6.338437080383301,"heapTotal":110.55078125,"heapUsed":104.11691284179688,"rss":242.55078125},"pid":8054,"uptime":22141.452598245},"system":{"freeMemory":17797.26171875,"loadAverage":[0.97,1.12,1.33],"totalMemory":32039.31640625},"timestamp":"2025-10-19T05:29:49.734Z"}
{"correlationId":"dbaea42c-2cf7-4a54-ab3f-719902b77864","level":"debug","message":"⏰ Running cron job: process-scheduled-posts","timestamp":"2025-10-19T05:30:00.016Z"}
{"level":"debug","message":"⏰ Running cron job: process-scheduled-posts","timestamp":"2025-10-19T05:30:00.016Z"}
{"correlationId":"dbaea42c-2cf7-4a54-ab3f-719902b77864","level":"debug","message":"⏰ Running cron job: check-stuck-jobs","timestamp":"2025-10-19T05:30:00.017Z"}
{"level":"debug","message":"⏰ Running cron job: check-stuck-jobs","timestamp":"2025-10-19T05:30:00.018Z"}
{"correlationId":"dbaea42c-2cf7-4a54-ab3f-719902b77864","level":"debug","message":"Health metrics collected","process":{"cpu":{"system":12054916,"user":69403184},"memory":{"external":6.304468154907227,"heapTotal":109.55078125,"heapUsed":103.37210083007812,"rss":245.3046875},"pid":16794,"uptime":20221.902612967},"system":{"freeMemory":17814.265625,"loadAverage":[1.04,1.1,1.31],"totalMemory":32039.31640625},"timestamp":"2025-10-19T05:30:35.560Z"}
{"level":"debug","message":"Health metrics collected","process":{"cpu":{"system":11412665,"user":65959921},"memory":{"external":6.349179267883301,"heapTotal":110.55078125,"heapUsed":104.53230285644531,"rss":242.75390625},"pid":8054,"uptime":22201.453396108},"system":{"freeMemory":17731.87109375,"loadAverage":[1.24,1.15,1.32],"totalMemory":32039.31640625},"timestamp":"2025-10-19T05:30:49.735Z"}
{"correlationId":"dbaea42c-2cf7-4a54-ab3f-719902b77864","level":"debug","message":"⏰ Running cron job: process-scheduled-posts","timestamp":"2025-10-19T05:31:00.009Z"}
{"level":"debug","message":"⏰ Running cron job: process-scheduled-posts","timestamp":"2025-10-19T05:31:00.009Z"}
{"correlationId":"dbaea42c-2cf7-4a54-ab3f-719902b77864","level":"debug","message":"Health metrics collected","process":{"cpu":{"system":12076116,"user":69531954},"memory":{"external":6.306333541870117,"heapTotal":109.55078125,"heapUsed":103.58977508544922,"rss":245.734375},"pid":16794,"uptime":20281.902434054},"system":{"freeMemory":17694.5625,"loadAverage":[1.22,1.16,1.32],"totalMemory":32039.31640625},"timestamp":"2025-10-19T05:31:35.560Z"}
{"level":"debug","message":"Health metrics collected","process":{"cpu":{"system":11430862,"user":66074106},"memory":{"external":6.362672805786133,"heapTotal":110.55078125,"heapUsed":104.95210266113281,"rss":243.02734375},"pid":8054,"uptime":22261.453700797},"system":{"freeMemory":17819.265625,"loadAverage":[1.4,1.2,1.33],"totalMemory":32039.31640625},"timestamp":"2025-10-19T05:31:49.735Z"}
{"correlationId":"dbaea42c-2cf7-4a54-ab3f-719902b77864","level":"debug","message":"⏰ Running cron job: process-scheduled-posts","timestamp":"2025-10-19T05:32:00.005Z"}
{"level":"debug","message":"⏰ Running cron job: process-scheduled-posts","timestamp":"2025-10-19T05:32:00.006Z"}
{"correlationId":"dbaea42c-2cf7-4a54-ab3f-719902b77864","level":"debug","message":"Health metrics collected","process":{"cpu":{"system":12098949,"user":69650621},"memory":{"external":6.29619026184082,"heapTotal":109.55078125,"heapUsed":103.42813873291016,"rss":244.75390625},"pid":16794,"uptime":20341.902457583},"system":{"freeMemory":17881.625,"loadAverage":[0.94,1.11,1.29],"totalMemory":32039.31640625},"timestamp":"2025-10-19T05:32:35.560Z"}
{"level":"debug","message":"Health metrics collected","process":{"cpu":{"system":11454073,"user":66184818},"memory":{"external":6.353453636169434,"heapTotal":110.55078125,"heapUsed":105.07913970947266,"rss":243.33984375},"pid":8054,"uptime":22321.454178301},"system":{"freeMemory":17891.8125,"loadAverage":[0.88,1.08,1.28],"totalMemory":32039.31640625},"timestamp":"2025-10-19T05:32:49.736Z"}
{"level":"debug","message":"⏰ Running cron job: process-scheduled-posts","timestamp":"2025-10-19T05:33:00.007Z"}
{"correlationId":"dbaea42c-2cf7-4a54-ab3f-719902b77864","level":"debug","message":"⏰ Running cron job: process-scheduled-posts","timestamp":"2025-10-19T05:33:00.008Z"}
{"correlationId":"dbaea42c-2cf7-4a54-ab3f-719902b77864","level":"debug","message":"Health metrics collected","process":{"cpu":{"system":12117291,"user":69763359},"memory":{"external":6.29600715637207,"heapTotal":109.55078125,"heapUsed":103.4535140991211,"rss":245.14453125},"pid":16794,"uptime":20401.902792031},"system":{"freeMemory":17847.8671875,"loadAverage":[0.61,0.99,1.24],"totalMemory":32039.31640625},"timestamp":"2025-10-19T05:33:35.560Z"}
{"level":"debug","message":"Health metrics collected","process":{"cpu":{"system":11475585,"user":66290821},"memory":{"external":6.3426923751831055,"heapTotal":110.55078125,"heapUsed":104.693603515625,"rss":242.796875},"pid":8054,"uptime":22381.455179082},"system":{"freeMemory":17830.01953125,"loadAverage":[0.48,0.94,1.22],"totalMemory":32039.31640625},"timestamp":"2025-10-19T05:33:49.737Z"}
{"level":"debug","message":"⏰ Running cron job: process-scheduled-posts","timestamp":"2025-10-19T05:34:00.006Z"}
{"correlationId":"dbaea42c-2cf7-4a54-ab3f-719902b77864","level":"debug","message":"⏰ Running cron job: process-scheduled-posts","timestamp":"2025-10-19T05:34:00.007Z"}
{"correlationId":"dbaea42c-2cf7-4a54-ab3f-719902b77864","level":"debug","message":"Health metrics collected","process":{"cpu":{"system":12136087,"user":69874929},"memory":{"external":6.294619560241699,"heapTotal":109.55078125,"heapUsed":103.60618591308594,"rss":245.26171875},"pid":16794,"uptime":20461.902179106},"system":{"freeMemory":17851.7265625,"loadAverage":[0.52,0.9,1.19],"totalMemory":32039.31640625},"timestamp":"2025-10-19T05:34:35.559Z"}
{"level":"debug","message":"Health metrics collected","process":{"cpu":{"system":11493731,"user":66397307},"memory":{"external":6.363979339599609,"heapTotal":110.55078125,"heapUsed":105.35704040527344,"rss":243.39453125},"pid":8054,"uptime":22441.455271957},"system":{"freeMemory":17876.9765625,"loadAverage":[0.41,0.85,1.17],"totalMemory":32039.31640625},"timestamp":"2025-10-19T05:34:49.737Z"}
{"level":"debug","message":"⏰ Running cron job: check-stuck-jobs","timestamp":"2025-10-19T05:35:00.008Z"}
{"level":"debug","message":"⏰ Running cron job: process-scheduled-posts","timestamp":"2025-10-19T05:35:00.009Z"}
{"correlationId":"dbaea42c-2cf7-4a54-ab3f-719902b77864","level":"debug","message":"⏰ Running cron job: check-stuck-jobs","timestamp":"2025-10-19T05:35:00.011Z"}
{"correlationId":"dbaea42c-2cf7-4a54-ab3f-719902b77864","level":"debug","message":"⏰ Running cron job: process-scheduled-posts","timestamp":"2025-10-19T05:35:00.012Z"}
{"correlationId":"dbaea42c-2cf7-4a54-ab3f-719902b77864","level":"debug","message":"Health metrics collected","process":{"cpu":{"system":12156696,"user":69989941},"memory":{"external":6.291182518005371,"heapTotal":109.55078125,"heapUsed":103.38591766357422,"rss":245.1171875},"pid":16794,"uptime":20521.902507221},"system":{"freeMemory":17922.5546875,"loadAverage":[0.62,0.84,1.15],"totalMemory":32039.31640625},"timestamp":"2025-10-19T05:35:35.560Z"}
{"level":"debug","message":"Health metrics collected","process":{"cpu":{"system":11502855,"user":66502636},"memory":{"external":6.365259170532227,"heapTotal":110.55078125,"heapUsed":105.41895294189453,"rss":243.53515625},"pid":8054,"uptime":22501.455077438},"system":{"freeMemory":17918.2265625,"loadAverage":[0.48,0.8,1.13],"totalMemory":32039.31640625},"timestamp":"2025-10-19T05:35:49.737Z"}
{"level":"debug","message":"⏰ Running cron job: process-scheduled-posts","timestamp":"2025-10-19T05:36:00.005Z"}
{"correlationId":"dbaea42c-2cf7-4a54-ab3f-719902b77864","level":"debug","message":"⏰ Running cron job: process-scheduled-posts","timestamp":"2025-10-19T05:36:00.009Z"}
{"correlationId":"dbaea42c-2cf7-4a54-ab3f-719902b77864","level":"debug","message":"Health metrics collected","process":{"cpu":{"system":12172563,"user":70103475},"memory":{"external":6.291182518005371,"heapTotal":109.55078125,"heapUsed":103.51731872558594,"rss":244.37890625},"pid":16794,"uptime":20581.902695988},"system":{"freeMemory":17957.78515625,"loadAverage":[0.85,0.85,1.13],"totalMemory":32039.31640625},"timestamp":"2025-10-19T05:36:35.560Z"}
{"level":"debug","message":"Health metrics collected","process":{"cpu":{"system":11517816,"user":66609732},"memory":{"external":6.353207588195801,"heapTotal":110.55078125,"heapUsed":105.15982818603516,"rss":242.93359375},"pid":8054,"uptime":22561.45493206},"system":{"freeMemory":17961.09375,"loadAverage":[0.73,0.82,1.11],"totalMemory":32039.31640625},"timestamp":"2025-10-19T05:36:49.736Z"}
{"correlationId":"dbaea42c-2cf7-4a54-ab3f-719902b77864","level":"debug","message":"⏰ Running cron job: process-scheduled-posts","timestamp":"2025-10-19T05:37:00.005Z"}
{"level":"debug","message":"⏰ Running cron job: process-scheduled-posts","timestamp":"2025-10-19T05:37:00.007Z"}
{"correlationId":"dbaea42c-2cf7-4a54-ab3f-719902b77864","level":"debug","message":"Health metrics collected","process":{"cpu":{"system":12192253,"user":70252448},"memory":{"external":6.302694320678711,"heapTotal":109.55078125,"heapUsed":103.97230529785156,"rss":244.86328125},"pid":16794,"uptime":20641.902366963},"system":{"freeMemory":17966.47265625,"loadAverage":[0.4,0.72,1.06],"totalMemory":32039.31640625},"timestamp":"2025-10-19T05:37:35.559Z"}
{"level":"debug","message":"Health metrics collected","process":{"cpu":{"system":11544364,"user":66771336},"memory":{"external":6.345493316650391,"heapTotal":110.55078125,"heapUsed":105.20221710205078,"rss":242.9453125},"pid":8054,"uptime":22621.455474276},"system":{"freeMemory":18904.69921875,"loadAverage":[0.38,0.7,1.05],"totalMemory":32039.31640625},"timestamp":"2025-10-19T05:37:49.737Z"}
{"correlationId":"dbaea42c-2cf7-4a54-ab3f-719902b77864","level":"debug","message":"⏰ Running cron job: process-scheduled-posts","timestamp":"2025-10-19T05:38:00.006Z"}
{"level":"debug","message":"⏰ Running cron job: process-scheduled-posts","timestamp":"2025-10-19T05:38:00.007Z"}
{"correlationId":"dbaea42c-2cf7-4a54-ab3f-719902b77864","level":"debug","message":"Health metrics collected","process":{"cpu":{"system":12235043,"user":70453895},"memory":{"external":6.293178558349609,"heapTotal":109.55078125,"heapUsed":103.81476593017578,"rss":244.90234375},"pid":16794,"uptime":20701.901923337},"system":{"freeMemory":18891.40625,"loadAverage":[0.33,0.64,1.01],"totalMemory":32039.31640625},"timestamp":"2025-10-19T05:38:35.559Z"}
{"level":"debug","message":"Health metrics collected","process":{"cpu":{"system":11585538,"user":67078007},"memory":{"external":6.239982604980469,"heapTotal":110.55078125,"heapUsed":96.585205078125,"rss":243.39453125},"pid":8054,"uptime":22681.455858069},"system":{"freeMemory":18880.38671875,"loadAverage":[0.47,0.65,1.01],"totalMemory":32039.31640625},"timestamp":"2025-10-19T05:38:49.737Z"}
{"correlationId":"dbaea42c-2cf7-4a54-ab3f-719902b77864","level":"debug","message":"⏰ Running cron job: process-scheduled-posts","timestamp":"2025-10-19T05:39:00.019Z"}
{"level":"debug","message":"⏰ Running cron job: process-scheduled-posts","timestamp":"2025-10-19T05:39:00.024Z"}
{"correlationId":"dbaea42c-2cf7-4a54-ab3f-719902b77864","level":"debug","message":"Health metrics collected","process":{"cpu":{"system":12277358,"user":70685932},"memory":{"external":6.316567420959473,"heapTotal":109.55078125,"heapUsed":104.4159164428711,"rss":245.58203125},"pid":16794,"uptime":20761.902752931},"system":{"freeMemory":18879.5234375,"loadAverage":[0.34,0.59,0.97],"totalMemory":32039.31640625},"timestamp":"2025-10-19T05:39:35.560Z"}
{"level":"debug","message":"Health metrics collected","process":{"cpu":{"system":11625305,"user":67312683},"memory":{"external":6.25190544128418,"heapTotal":110.55078125,"heapUsed":97.04874420166016,"rss":243.59375},"pid":8054,"uptime":22741.456057231},"system":{"freeMemory":18887.67578125,"loadAverage":[0.49,0.61,0.97],"totalMemory":32039.31640625},"timestamp":"2025-10-19T05:39:49.738Z"}
{"level":"debug","message":"⏰ Running cron job: check-stuck-jobs","timestamp":"2025-10-19T05:40:00.014Z"}
{"correlationId":"dbaea42c-2cf7-4a54-ab3f-719902b77864","level":"debug","message":"⏰ Running cron job: check-stuck-jobs","timestamp":"2025-10-19T05:40:00.014Z"}
{"level":"debug","message":"⏰ Running cron job: process-scheduled-posts","timestamp":"2025-10-19T05:40:00.014Z"}
{"correlationId":"dbaea42c-2cf7-4a54-ab3f-719902b77864","level":"debug","message":"⏰ Running cron job: process-scheduled-posts","timestamp":"2025-10-19T05:40:00.014Z"}
{"correlationId":"dbaea42c-2cf7-4a54-ab3f-719902b77864","level":"debug","message":"Health metrics collected","process":{"cpu":{"system":12325758,"user":70908593},"memory":{"external":6.293928146362305,"heapTotal":109.55078125,"heapUsed":104.06967163085938,"rss":245.0546875},"pid":16794,"uptime":20821.902552925},"system":{"freeMemory":18872.515625,"loadAverage":[0.63,0.62,0.96],"totalMemory":32039.31640625},"timestamp":"2025-10-19T05:40:35.560Z"}
{"level":"debug","message":"Health metrics collected","process":{"cpu":{"system":11663047,"user":67590523},"memory":{"external":6.230274200439453,"heapTotal":110.80078125,"heapUsed":96.8754653930664,"rss":242.859375},"pid":8054,"uptime":22801.455535988},"system":{"freeMemory":18851.71484375,"loadAverage":[0.56,0.61,0.95],"totalMemory":32039.31640625},"timestamp":"2025-10-19T05:40:49.737Z"}
{"correlationId":"dbaea42c-2cf7-4a54-ab3f-719902b77864","level":"debug","message":"⏰ Running cron job: process-scheduled-posts","timestamp":"2025-10-19T05:41:00.008Z"}
{"level":"debug","message":"⏰ Running cron job: process-scheduled-posts","timestamp":"2025-10-19T05:41:00.008Z"}
{"correlationId":"dbaea42c-2cf7-4a54-ab3f-719902b77864","level":"debug","message":"Health metrics collected","process":{"cpu":{"system":12361768,"user":71051676},"memory":{"external":6.316092491149902,"heapTotal":109.55078125,"heapUsed":104.51947784423828,"rss":244.87109375},"pid":16794,"uptime":20881.904049059},"system":{"freeMemory":18649.73046875,"loadAverage":[0.49,0.59,0.92],"totalMemory":32039.31640625},"timestamp":"2025-10-19T05:41:35.561Z"}
{"level":"debug","message":"Health metrics collected","process":{"cpu":{"system":11692206,"user":67740207},"memory":{"external":6.255626678466797,"heapTotal":110.80078125,"heapUsed":97.57820892333984,"rss":243.58203125},"pid":8054,"uptime":22861.456773661},"system":{"freeMemory":18662.92578125,"loadAverage":[0.38,0.56,0.91],"totalMemory":32039.31640625},"timestamp":"2025-10-19T05:41:49.738Z"}
{"correlationId":"dbaea42c-2cf7-4a54-ab3f-719902b77864","level":"debug","message":"⏰ Running cron job: process-scheduled-posts","timestamp":"2025-10-19T05:42:00.020Z"}
{"level":"debug","message":"⏰ Running cron job: process-scheduled-posts","timestamp":"2025-10-19T05:42:00.034Z"}
{"correlationId":"dbaea42c-2cf7-4a54-ab3f-719902b77864","level":"debug","message":"Health metrics collected","process":{"cpu":{"system":12398580,"user":71288341},"memory":{"external":6.30560302734375,"heapTotal":109.55078125,"heapUsed":104.3879623413086,"rss":244.5625},"pid":16794,"uptime":20941.904537372},"system":{"freeMemory":18646.859375,"loadAverage":[0.42,0.55,0.89],"totalMemory":32039.31640625},"timestamp":"2025-10-19T05:42:35.562Z"}
{"level":"debug","message":"Health metrics collected","process":{"cpu":{"system":11732131,"user":67979588},"memory":{"external":6.242633819580078,"heapTotal":110.80078125,"heapUsed":97.47362518310547,"rss":243.24609375},"pid":8054,"uptime":22921.457440453},"system":{"freeMemory":18654.5234375,"loadAverage":[0.33,0.53,0.88],"totalMemory":32039.31640625},"timestamp":"2025-10-19T05:42:49.739Z"}
{"level":"debug","message":"⏰ Running cron job: process-scheduled-posts","timestamp":"2025-10-19T05:43:00.009Z"}
{"correlationId":"dbaea42c-2cf7-4a54-ab3f-719902b77864","level":"debug","message":"⏰ Running cron job: process-scheduled-posts","timestamp":"2025-10-19T05:43:00.009Z"}
{"correlationId":"dbaea42c-2cf7-4a54-ab3f-719902b77864","level":"debug","message":"Health metrics collected","process":{"cpu":{"system":12440941,"user":71480875},"memory":{"external":6.302794456481934,"heapTotal":109.55078125,"heapUsed":104.21183013916016,"rss":245.08984375},"pid":16794,"uptime":21001.904732614},"system":{"freeMemory":18643.6796875,"loadAverage":[0.79,0.64,0.9],"totalMemory":32039.31640625},"timestamp":"2025-10-19T05:43:35.562Z"}
{"level":"debug","message":"Health metrics collected","process":{"cpu":{"system":11773762,"user":68169058},"memory":{"external":6.240443229675293,"heapTotal":110.80078125,"heapUsed":97.2198257446289,"rss":242.78125},"pid":8054,"uptime":22981.458541288},"system":{"freeMemory":18637.66796875,"loadAverage":[0.69,0.62,0.89],"totalMemory":32039.31640625},"timestamp":"2025-10-19T05:43:49.740Z"}
{"level":"debug","message":"⏰ Running cron job: process-scheduled-posts","timestamp":"2025-10-19T05:44:00.020Z"}
{"correlationId":"dbaea42c-2cf7-4a54-ab3f-719902b77864","level":"debug","message":"⏰ Running cron job: process-scheduled-posts","timestamp":"2025-10-19T05:44:00.026Z"}
{"correlationId":"dbaea42c-2cf7-4a54-ab3f-719902b77864","level":"debug","message":"Health metrics collected","process":{"cpu":{"system":12484379,"user":71713123},"memory":{"external":6.308476448059082,"heapTotal":109.55078125,"heapUsed":104.6059799194336,"rss":245},"pid":16794,"uptime":21061.904874707},"system":{"freeMemory":18632.72265625,"loadAverage":[0.62,0.61,0.87],"totalMemory":32039.31640625},"timestamp":"2025-10-19T05:44:35.562Z"}
{"level":"debug","message":"Health metrics collected","process":{"cpu":{"system":11804100,"user":68393630},"memory":{"external":6.242613792419434,"heapTotal":110.80078125,"heapUsed":97.44310760498047,"rss":243.16015625},"pid":8054,"uptime":23041.459438695},"system":{"freeMemory":18617.95703125,"loadAverage":[0.48,0.58,0.86],"totalMemory":32039.31640625},"timestamp":"2025-10-19T05:44:49.741Z"}
{"level":"debug","message":"⏰ Running cron job: check-stuck-jobs","timestamp":"2025-10-19T05:45:00.009Z"}
{"level":"debug","message":"⏰ Running cron job: process-scheduled-posts","timestamp":"2025-10-19T05:45:00.010Z"}
{"correlationId":"dbaea42c-2cf7-4a54-ab3f-719902b77864","level":"debug","message":"⏰ Running cron job: process-scheduled-posts","timestamp":"2025-10-19T05:45:00.013Z"}
{"correlationId":"dbaea42c-2cf7-4a54-ab3f-719902b77864","level":"debug","message":"⏰ Running cron job: check-stuck-jobs","timestamp":"2025-10-19T05:45:00.016Z"}
{"correlationId":"dbaea42c-2cf7-4a54-ab3f-719902b77864","level":"debug","message":"Health metrics collected","process":{"cpu":{"system":12528979,"user":71950206},"memory":{"external":6.30832576751709,"heapTotal":109.55078125,"heapUsed":104.72913360595703,"rss":244.74609375},"pid":16794,"uptime":21121.90650235},"system":{"freeMemory":18639.07421875,"loadAverage":[0.61,0.59,0.85],"totalMemory":32039.31640625},"timestamp":"2025-10-19T05:45:35.564Z"}
{"level":"debug","message":"Health metrics collected","process":{"cpu":{"system":11847699,"user":68588164},"memory":{"external":6.246799468994141,"heapTotal":110.80078125,"heapUsed":97.75228881835938,"rss":243.3203125},"pid":8054,"uptime":23101.460466653},"system":{"freeMemory":18586.73828125,"loadAverage":[0.47,0.56,0.83],"totalMemory":32039.31640625},"timestamp":"2025-10-19T05:45:49.742Z"}
{"level":"debug","message":"⏰ Running cron job: process-scheduled-posts","timestamp":"2025-10-19T05:46:00.020Z"}
{"correlationId":"dbaea42c-2cf7-4a54-ab3f-719902b77864","level":"debug","message":"⏰ Running cron job: process-scheduled-posts","timestamp":"2025-10-19T05:46:00.020Z"}
{"correlationId":"dbaea42c-2cf7-4a54-ab3f-719902b77864","level":"debug","message":"Health metrics collected","process":{"cpu":{"system":12563015,"user":72157190},"memory":{"external":6.3198041915893555,"heapTotal":109.55078125,"heapUsed":105.09424591064453,"rss":245.11328125},"pid":16794,"uptime":21181.906974681},"system":{"freeMemory":18553.79296875,"loadAverage":[0.22,0.48,0.79],"totalMemory":32039.31640625},"timestamp":"2025-10-19T05:46:35.564Z"}
{"level":"debug","message":"Health metrics collected","process":{"cpu":{"system":11892402,"user":68788682},"memory":{"external":6.25840950012207,"heapTotal":110.80078125,"heapUsed":97.4149169921875,"rss":242.7421875},"pid":8054,"uptime":23161.460449247},"system":{"freeMemory":18536.078125,"loadAverage":[0.17,0.46,0.78],"totalMemory":32039.31640625},"timestamp":"2025-10-19T05:46:49.742Z"}
{"correlationId":"dbaea42c-2cf7-4a54-ab3f-719902b77864","level":"debug","message":"⏰ Running cron job: process-scheduled-posts","timestamp":"2025-10-19T05:47:00.008Z"}
{"level":"debug","message":"⏰ Running cron job: process-scheduled-posts","timestamp":"2025-10-19T05:47:00.008Z"}
{"correlationId":"dbaea42c-2cf7-4a54-ab3f-719902b77864","level":"debug","message":"Health metrics collected","process":{"cpu":{"system":12604885,"user":72375366},"memory":{"external":6.309660911560059,"heapTotal":110.55078125,"heapUsed":104.988525390625,"rss":245.80859375},"pid":16794,"uptime":21241.907893744},"system":{"freeMemory":18557.85546875,"loadAverage":[0.16,0.42,0.75],"totalMemory":32039.31640625},"timestamp":"2025-10-19T05:47:35.565Z"}
{"level":"debug","message":"Health metrics collected","process":{"cpu":{"system":11930689,"user":68971622},"memory":{"external":6.2563276290893555,"heapTotal":110.80078125,"heapUsed":98.07415008544922,"rss":243.375},"pid":8054,"uptime":23221.461212166},"system":{"freeMemory":18569.7265625,"loadAverage":[0.2,0.42,0.75],"totalMemory":32039.31640625},"timestamp":"2025-10-19T05:47:49.743Z"}
{"correlationId":"dbaea42c-2cf7-4a54-ab3f-719902b77864","level":"debug","message":"⏰ Running cron job: process-scheduled-posts","timestamp":"2025-10-19T05:48:00.019Z"}
{"level":"debug","message":"⏰ Running cron job: process-scheduled-posts","timestamp":"2025-10-19T05:48:00.021Z"}
{"correlationId":"dbaea42c-2cf7-4a54-ab3f-719902b77864","level":"debug","message":"Health metrics collected","process":{"cpu":{"system":12645163,"user":72605595},"memory":{"external":6.309379577636719,"heapTotal":109.55078125,"heapUsed":104.95796203613281,"rss":244.98828125},"pid":16794,"uptime":21301.909036234},"system":{"freeMemory":18596.35546875,"loadAverage":[0.53,0.47,0.74],"totalMemory":32039.31640625},"timestamp":"2025-10-19T05:48:35.566Z"}
{"level":"debug","message":"Health metrics collected","process":{"cpu":{"system":11970097,"user":69186633},"memory":{"external":6.2471923828125,"heapTotal":110.80078125,"heapUsed":97.94657897949219,"rss":242.97265625},"pid":8054,"uptime":23281.461451412},"system":{"freeMemory":18602.01171875,"loadAverage":[0.56,0.48,0.74],"totalMemory":32039.31640625},"timestamp":"2025-10-19T05:48:49.743Z"}
{"correlationId":"dbaea42c-2cf7-4a54-ab3f-719902b77864","level":"debug","message":"⏰ Running cron job: process-scheduled-posts","timestamp":"2025-10-19T05:49:00.020Z"}
{"level":"debug","message":"⏰ Running cron job: process-scheduled-posts","timestamp":"2025-10-19T05:49:00.022Z"}
{"correlationId":"dbaea42c-2cf7-4a54-ab3f-719902b77864","level":"debug","message":"Health metrics collected","process":{"cpu":{"system":12681222,"user":72810494},"memory":{"external":6.297361373901367,"heapTotal":109.55078125,"heapUsed":104.70469665527344,"rss":244.98046875},"pid":16794,"uptime":21361.909940568},"system":{"freeMemory":18552.94140625,"loadAverage":[0.47,0.47,0.73],"totalMemory":32039.31640625},"timestamp":"2025-10-19T05:49:35.567Z"}
{"level":"debug","message":"Health metrics collected","process":{"cpu":{"system":12017197,"user":69385146},"memory":{"external":6.244580268859863,"heapTotal":110.80078125,"heapUsed":97.89654541015625,"rss":243.015625},"pid":8054,"uptime":23341.46226839},"system":{"freeMemory":18496.3046875,"loadAverage":[0.43,0.46,0.72],"totalMemory":32039.31640625},"timestamp":"2025-10-19T05:49:49.744Z"}
{"level":"debug","message":"⏰ Running cron job: check-stuck-jobs","timestamp":"2025-10-19T05:50:00.034Z"}
{"correlationId":"dbaea42c-2cf7-4a54-ab3f-719902b77864","level":"debug","message":"⏰ Running cron job: check-stuck-jobs","timestamp":"2025-10-19T05:50:00.034Z"}
{"level":"debug","message":"⏰ Running cron job: process-scheduled-posts","timestamp":"2025-10-19T05:50:00.036Z"}
{"correlationId":"dbaea42c-2cf7-4a54-ab3f-719902b77864","level":"debug","message":"⏰ Running cron job: process-scheduled-posts","timestamp":"2025-10-19T05:50:00.037Z"}
{"correlationId":"dbaea42c-2cf7-4a54-ab3f-719902b77864","level":"debug","message":"Health metrics collected","process":{"cpu":{"system":12728861,"user":73081744},"memory":{"external":6.323590278625488,"heapTotal":109.55078125,"heapUsed":105.3915023803711,"rss":244.86328125},"pid":16794,"uptime":21421.911016565},"system":{"freeMemory":18576.8671875,"loadAverage":[0.72,0.54,0.73],"totalMemory":32039.31640625},"timestamp":"2025-10-19T05:50:35.568Z"}
{"level":"debug","message":"Health metrics collected","process":{"cpu":{"system":12046326,"user":69631659},"memory":{"external":6.248161315917969,"heapTotal":110.80078125,"heapUsed":98.2552490234375,"rss":243.1015625},"pid":8054,"uptime":23401.462207527},"system":{"freeMemory":18577.19140625,"loadAverage":[0.78,0.56,0.74],"totalMemory":32039.31640625},"timestamp":"2025-10-19T05:50:49.744Z"}
{"level":"debug","message":"⏰ Running cron job: process-scheduled-posts","timestamp":"2025-10-19T05:51:00.020Z"}
{"correlationId":"dbaea42c-2cf7-4a54-ab3f-719902b77864","level":"debug","message":"⏰ Running cron job: process-scheduled-posts","timestamp":"2025-10-19T05:51:00.021Z"}
{"correlationId":"dbaea42c-2cf7-4a54-ab3f-719902b77864","level":"debug","message":"Health metrics collected","process":{"cpu":{"system":12778186,"user":73301574},"memory":{"external":6.313958168029785,"heapTotal":109.55078125,"heapUsed":105.49134826660156,"rss":244.90234375},"pid":16794,"uptime":21481.911528565},"system":{"freeMemory":18528.10546875,"loadAverage":[0.37,0.48,0.7],"totalMemory":32039.31640625},"timestamp":"2025-10-19T05:51:35.569Z"}
{"level":"debug","message":"Health metrics collected","process":{"cpu":{"system":12077756,"user":69875048},"memory":{"external":6.2468719482421875,"heapTotal":110.80078125,"heapUsed":98.25398254394531,"rss":242.87890625},"pid":8054,"uptime":23461.461862523},"system":{"freeMemory":18520.9921875,"loadAverage":[0.28,0.45,0.69],"totalMemory":32039.31640625},"timestamp":"2025-10-19T05:51:49.743Z"}
{"correlationId":"dbaea42c-2cf7-4a54-ab3f-719902b77864","level":"debug","message":"⏰ Running cron job: process-scheduled-posts","timestamp":"2025-10-19T05:52:00.020Z"}
{"level":"debug","message":"⏰ Running cron job: process-scheduled-posts","timestamp":"2025-10-19T05:52:00.035Z"}
{"correlationId":"dbaea42c-2cf7-4a54-ab3f-719902b77864","level":"debug","message":"Health metrics collected","process":{"cpu":{"system":12824017,"user":73523938},"memory":{"external":6.312702178955078,"heapTotal":109.55078125,"heapUsed":105.5113296508789,"rss":245.21875},"pid":16794,"uptime":21541.911315634},"system":{"freeMemory":18531.171875,"loadAverage":[0.37,0.45,0.67],"totalMemory":32039.31640625},"timestamp":"2025-10-19T05:52:35.568Z"}
{"level":"debug","message":"Health metrics collected","process":{"cpu":{"system":12108385,"user":70113237},"memory":{"external":6.246838569641113,"heapTotal":110.80078125,"heapUsed":98.21300506591797,"rss":242.6171875},"pid":8054,"uptime":23521.462280753},"system":{"freeMemory":18533.73828125,"loadAverage":[0.43,0.46,0.67],"totalMemory":32039.31640625},"timestamp":"2025-10-19T05:52:49.744Z"}
{"correlationId":"dbaea42c-2cf7-4a54-ab3f-719902b77864","level":"debug","message":"⏰ Running cron job: process-scheduled-posts","timestamp":"2025-10-19T05:53:00.005Z"}
{"level":"debug","message":"⏰ Running cron job: process-scheduled-posts","timestamp":"2025-10-19T05:53:00.005Z"}
{"correlationId":"dbaea42c-2cf7-4a54-ab3f-719902b77864","level":"debug","message":"Health metrics collected","process":{"cpu":{"system":12874894,"user":73721496},"memory":{"external":6.300856590270996,"heapTotal":109.55078125,"heapUsed":105.2540054321289,"rss":245.0546875},"pid":16794,"uptime":21601.911396717},"system":{"freeMemory":18639,"loadAverage":[0.52,0.49,0.67],"totalMemory":32039.31640625},"timestamp":"2025-10-19T05:53:35.568Z"}
{"level":"debug","message":"Health metrics collected","process":{"cpu":{"system":12144801,"user":70316742},"memory":{"external":6.2603559494018555,"heapTotal":110.80078125,"heapUsed":98.65650939941406,"rss":243.0625},"pid":8054,"uptime":23581.462230035},"system":{"freeMemory":18627.57421875,"loadAverage":[0.63,0.52,0.68],"totalMemory":32039.31640625},"timestamp":"2025-10-19T05:53:49.744Z"}
{"level":"debug","message":"⏰ Running cron job: process-scheduled-posts","timestamp":"2025-10-19T05:54:00.010Z"}
{"correlationId":"dbaea42c-2cf7-4a54-ab3f-719902b77864","level":"debug","message":"⏰ Running cron job: process-scheduled-posts","timestamp":"2025-10-19T05:54:00.010Z"}
{"correlationId":"dbaea42c-2cf7-4a54-ab3f-719902b77864","level":"debug","message":"Health metrics collected","process":{"cpu":{"system":12912914,"user":73945218},"memory":{"external":6.301301956176758,"heapTotal":109.55078125,"heapUsed":105.29286193847656,"rss":244.44140625},"pid":16794,"uptime":21661.91126613},"system":{"freeMemory":18611.69921875,"loadAverage":[0.34,0.46,0.65],"totalMemory":32039.31640625},"timestamp":"2025-10-19T05:54:35.568Z"}
{"level":"debug","message":"Health metrics collected","process":{"cpu":{"system":12185913,"user":70499981},"memory":{"external":6.249486923217773,"heapTotal":110.80078125,"heapUsed":98.54376220703125,"rss":242.99609375},"pid":8054,"uptime":23641.461941206},"system":{"freeMemory":18622.6484375,"loadAverage":[0.35,0.45,0.64],"totalMemory":32039.31640625},"timestamp":"2025-10-19T05:54:49.743Z"}
{"level":"debug","message":"⏰ Running cron job: check-stuck-jobs","timestamp":"2025-10-19T05:55:00.011Z"}
{"correlationId":"dbaea42c-2cf7-4a54-ab3f-719902b77864","level":"debug","message":"⏰ Running cron job: process-scheduled-posts","timestamp":"2025-10-19T05:55:00.012Z"}
{"correlationId":"dbaea42c-2cf7-4a54-ab3f-719902b77864","level":"debug","message":"⏰ Running cron job: check-stuck-jobs","timestamp":"2025-10-19T05:55:00.013Z"}
{"level":"debug","message":"⏰ Running cron job: process-scheduled-posts","timestamp":"2025-10-19T05:55:00.012Z"}
{"correlationId":"dbaea42c-2cf7-4a54-ab3f-719902b77864","level":"debug","message":"Health metrics collected","process":{"cpu":{"system":12955686,"user":74280032},"memory":{"external":6.2368974685668945,"heapTotal":109.55078125,"heapUsed":96.86071014404297,"rss":245.3359375},"pid":16794,"uptime":21721.911681781},"system":{"freeMemory":18599.6015625,"loadAverage":[0.28,0.42,0.62],"totalMemory":32039.31640625},"timestamp":"2025-10-19T05:55:35.569Z"}
{"level":"debug","message":"Health metrics collected","process":{"cpu":{"system":12224648,"user":70705807},"memory":{"external":6.250517845153809,"heapTotal":110.80078125,"heapUsed":98.75210571289062,"rss":243.05859375},"pid":8054,"uptime":23701.462017277},"system":{"freeMemory":18597.06640625,"loadAverage":[0.22,0.4,0.61],"totalMemory":32039.31640625},"timestamp":"2025-10-19T05:55:49.744Z"}
{"level":"debug","message":"⏰ Running cron job: process-scheduled-posts","timestamp":"2025-10-19T05:56:00.021Z"}
{"correlationId":"dbaea42c-2cf7-4a54-ab3f-719902b77864","level":"debug","message":"⏰ Running cron job: process-scheduled-posts","timestamp":"2025-10-19T05:56:00.027Z"}
{"correlationId":"dbaea42c-2cf7-4a54-ab3f-719902b77864","level":"debug","message":"Health metrics collected","process":{"cpu":{"system":12994563,"user":74521246},"memory":{"external":6.236616134643555,"heapTotal":109.55078125,"heapUsed":96.966064453125,"rss":245.15234375},"pid":16794,"uptime":21781.911875123},"system":{"freeMemory":18570.93359375,"loadAverage":[0.18,0.36,0.59],"totalMemory":32039.31640625},"timestamp":"2025-10-19T05:56:35.569Z"}
{"level":"debug","message":"Health metrics collected","process":{"cpu":{"system":12259481,"user":70910137},"memory":{"external":6.265530586242676,"heapTotal":110.80078125,"heapUsed":99.26063537597656,"rss":243.30859375},"pid":8054,"uptime":23761.461968021},"system":{"freeMemory":18578.92578125,"loadAverage":[0.29,0.37,0.59],"totalMemory":32039.31640625},"timestamp":"2025-10-19T05:56:49.743Z"}
{"level":"debug","message":"⏰ Running cron job: process-scheduled-posts","timestamp":"2025-10-19T05:57:00.007Z"}
{"correlationId":"dbaea42c-2cf7-4a54-ab3f-719902b77864","level":"debug","message":"⏰ Running cron job: process-scheduled-posts","timestamp":"2025-10-19T05:57:00.009Z"}
{"correlationId":"dbaea42c-2cf7-4a54-ab3f-719902b77864","level":"debug","message":"Health metrics collected","process":{"cpu":{"system":13034710,"user":74750713},"memory":{"external":6.232767105102539,"heapTotal":109.55078125,"heapUsed":96.72188568115234,"rss":244.80859375},"pid":16794,"uptime":21841.912466007},"system":{"freeMemory":18559.06640625,"loadAverage":[0.38,0.38,0.58],"totalMemory":32039.31640625},"timestamp":"2025-10-19T05:57:35.570Z"}
{"level":"debug","message":"Health metrics collected","process":{"cpu":{"system":12301212,"user":71120452},"memory":{"external":6.263134956359863,"heapTotal":110.80078125,"heapUsed":99.19198608398438,"rss":243.08203125},"pid":8054,"uptime":23821.461955347},"system":{"freeMemory":18569.69140625,"loadAverage":[0.29,0.36,0.57],"totalMemory":32039.31640625},"timestamp":"2025-10-19T05:57:49.743Z"}
{"level":"debug","message":"⏰ Running cron job: process-scheduled-posts","timestamp":"2025-10-19T05:58:00.019Z"}
{"correlationId":"dbaea42c-2cf7-4a54-ab3f-719902b77864","level":"debug","message":"⏰ Running cron job: process-scheduled-posts","timestamp":"2025-10-19T05:58:00.020Z"}
{"correlationId":"dbaea42c-2cf7-4a54-ab3f-719902b77864","level":"debug","message":"Health metrics collected","process":{"cpu":{"system":13080983,"user":75017082},"memory":{"external":6.223514556884766,"heapTotal":109.55078125,"heapUsed":96.9088134765625,"rss":245.1953125},"pid":16794,"uptime":21901.913990097},"system":{"freeMemory":18550.62890625,"loadAverage":[0.47,0.4,0.58],"totalMemory":32039.31640625},"timestamp":"2025-10-19T05:58:35.571Z"}
{"level":"debug","message":"Health metrics collected","process":{"cpu":{"system":12331535,"user":71329282},"memory":{"external":6.2611188888549805,"heapTotal":110.80078125,"heapUsed":99.25285339355469,"rss":243.2109375},"pid":8054,"uptime":23881.462425459},"system":{"freeMemory":18542.98046875,"loadAverage":[0.37,0.38,0.56],"totalMemory":32039.31640625},"timestamp":"2025-10-19T05:58:49.744Z"}
{"correlationId":"dbaea42c-2cf7-4a54-ab3f-719902b77864","level":"debug","message":"⏰ Running cron job: process-scheduled-posts","timestamp":"2025-10-19T05:59:00.011Z"}
{"level":"debug","message":"⏰ Running cron job: process-scheduled-posts","timestamp":"2025-10-19T05:59:00.011Z"}
{"correlationId":"dbaea42c-2cf7-4a54-ab3f-719902b77864","level":"debug","message":"Health metrics collected","process":{"cpu":{"system":13120375,"user":75252733},"memory":{"external":6.24800968170166,"heapTotal":109.55078125,"heapUsed":97.52972412109375,"rss":245.2578125},"pid":16794,"uptime":21961.914685825},"system":{"freeMemory":18585.7578125,"loadAverage":[0.3,0.36,0.55],"totalMemory":32039.31640625},"timestamp":"2025-10-19T05:59:35.572Z"}
{"level":"debug","message":"Health metrics collected","process":{"cpu":{"system":12368686,"user":71546643},"memory":{"external":6.252330780029297,"heapTotal":110.80078125,"heapUsed":99.0956039428711,"rss":242.8515625},"pid":8054,"uptime":23941.462561936},"system":{"freeMemory":18557.21484375,"loadAverage":[0.37,0.37,0.55],"totalMemory":32039.31640625},"timestamp":"2025-10-19T05:59:49.744Z"}
{"level":"debug","message":"⏰ Running cron job: check-stuck-jobs","timestamp":"2025-10-19T06:00:00.014Z"}
{"correlationId":"dbaea42c-2cf7-4a54-ab3f-719902b77864","level":"debug","message":"⏰ Running cron job: check-stuck-jobs","timestamp":"2025-10-19T06:00:00.014Z"}
{"level":"debug","message":"⏰ Running cron job: update-analytics","timestamp":"2025-10-19T06:00:00.016Z"}
{"correlationId":"dbaea42c-2cf7-4a54-ab3f-719902b77864","level":"debug","message":"⏰ Running cron job: process-scheduled-posts","timestamp":"2025-10-19T06:00:00.015Z"}
{"level":"info","message":"📊 Updating analytics metrics","timestamp":"2025-10-19T06:00:00.016Z"}
{"level":"debug","message":"⏰ Running cron job: process-scheduled-posts","timestamp":"2025-10-19T06:00:00.017Z"}
{"correlationId":"dbaea42c-2cf7-4a54-ab3f-719902b77864","level":"debug","message":"⏰ Running cron job: update-analytics","timestamp":"2025-10-19T06:00:00.017Z"}
{"correlationId":"dbaea42c-2cf7-4a54-ab3f-719902b77864","level":"info","message":"📊 Updating analytics metrics","timestamp":"2025-10-19T06:00:00.017Z"}
{"correlationId":"dbaea42c-2cf7-4a54-ab3f-719902b77864","level":"debug","message":"Health metrics collected","process":{"cpu":{"system":13159154,"user":75486662},"memory":{"external":6.236848831176758,"heapTotal":109.55078125,"heapUsed":97.4558334350586,"rss":245.1953125},"pid":16794,"uptime":22021.914978161},"system":{"freeMemory":18546.54296875,"loadAverage":[0.38,0.38,0.54],"totalMemory":32039.31640625},"timestamp":"2025-10-19T06:00:35.572Z"}
{"level":"debug","message":"Health metrics collected","process":{"cpu":{"system":12413632,"user":71749548},"memory":{"external":6.266227722167969,"heapTotal":110.80078125,"heapUsed":99.6596908569336,"rss":243.2734375},"pid":8054,"uptime":24001.463454719},"system":{"freeMemory":18537.1171875,"loadAverage":[0.44,0.4,0.54],"totalMemory":32039.31640625},"timestamp":"2025-10-19T06:00:49.745Z"}
{"level":"debug","message":"⏰ Running cron job: process-scheduled-posts","timestamp":"2025-10-19T06:01:00.020Z"}
{"correlationId":"dbaea42c-2cf7-4a54-ab3f-719902b77864","level":"debug","message":"⏰ Running cron job: process-scheduled-posts","timestamp":"2025-10-19T06:01:00.022Z"}
{"correlationId":"dbaea42c-2cf7-4a54-ab3f-719902b77864","level":"debug","message":"Health metrics collected","process":{"cpu":{"system":13214485,"user":75710075},"memory":{"external":6.248327255249023,"heapTotal":109.55078125,"heapUsed":97.90943908691406,"rss":245.69921875},"pid":16794,"uptime":22081.916397682},"system":{"freeMemory":18547.546875,"loadAverage":[0.37,0.39,0.53],"totalMemory":32039.31640625},"timestamp":"2025-10-19T06:01:35.573Z"}
{"level":"debug","message":"Health metrics collected","process":{"cpu":{"system":12450193,"user":71952089},"memory":{"external":6.255227088928223,"heapTotal":110.80078125,"heapUsed":99.44934844970703,"rss":242.921875},"pid":8054,"uptime":24061.464554101},"system":{"freeMemory":18524.5078125,"loadAverage":[0.44,0.4,0.54],"totalMemory":32039.31640625},"timestamp":"2025-10-19T06:01:49.746Z"}
{"level":"debug","message":"⏰ Running cron job: process-scheduled-posts","timestamp":"2025-10-19T06:02:00.021Z"}
{"correlationId":"dbaea42c-2cf7-4a54-ab3f-719902b77864","level":"debug","message":"⏰ Running cron job: process-scheduled-posts","timestamp":"2025-10-19T06:02:00.035Z"}
{"correlationId":"dbaea42c-2cf7-4a54-ab3f-719902b77864","level":"debug","message":"Health metrics collected","process":{"cpu":{"system":13256083,"user":75955175},"memory":{"external":6.246029853820801,"heapTotal":109.55078125,"heapUsed":97.92010498046875,"rss":245.8359375},"pid":16794,"uptime":22141.91686338},"system":{"freeMemory":18558.5703125,"loadAverage":[0.43,0.4,0.53],"totalMemory":32039.31640625},"timestamp":"2025-10-19T06:02:35.574Z"}
{"level":"debug","message":"Health metrics collected","process":{"cpu":{"system":12493668,"user":72165536},"memory":{"external":6.253276824951172,"heapTotal":110.80078125,"heapUsed":99.40606689453125,"rss":242.75},"pid":8054,"uptime":24121.465167794},"system":{"freeMemory":18552.61328125,"loadAverage":[0.42,0.4,0.53],"totalMemory":32039.31640625},"timestamp":"2025-10-19T06:02:49.747Z"}
{"level":"debug","message":"⏰ Running cron job: process-scheduled-posts","timestamp":"2025-10-19T06:03:00.009Z"}
{"correlationId":"dbaea42c-2cf7-4a54-ab3f-719902b77864","level":"debug","message":"⏰ Running cron job: process-scheduled-posts","timestamp":"2025-10-19T06:03:00.010Z"}
{"correlationId":"dbaea42c-2cf7-4a54-ab3f-719902b77864","level":"debug","message":"Health metrics collected","process":{"cpu":{"system":13300942,"user":76148461},"memory":{"external":6.237143516540527,"heapTotal":109.55078125,"heapUsed":97.74099731445312,"rss":244.8515625},"pid":16794,"uptime":22201.917226861},"system":{"freeMemory":18548.421875,"loadAverage":[0.53,0.42,0.53],"totalMemory":32039.31640625},"timestamp":"2025-10-19T06:03:35.574Z"}
{"level":"debug","message":"Health metrics collected","process":{"cpu":{"system":12526259,"user":72361127},"memory":{"external":6.268289566040039,"heapTotal":110.80078125,"heapUsed":99.92935180664062,"rss":243.16796875},"pid":8054,"uptime":24181.46496322},"system":{"freeMemory":18550.69921875,"loadAverage":[0.56,0.44,0.54],"totalMemory":32039.31640625},"timestamp":"2025-10-19T06:03:49.746Z"}
{"level":"debug","message":"⏰ Running cron job: process-scheduled-posts","timestamp":"2025-10-19T06:04:00.020Z"}
{"correlationId":"dbaea42c-2cf7-4a54-ab3f-719902b77864","level":"debug","message":"⏰ Running cron job: process-scheduled-posts","timestamp":"2025-10-19T06:04:00.020Z"}
{"correlationId":"dbaea42c-2cf7-4a54-ab3f-719902b77864","level":"debug","message":"Health metrics collected","process":{"cpu":{"system":13347751,"user":76384721},"memory":{"external":6.233674049377441,"heapTotal":109.55078125,"heapUsed":97.47718811035156,"rss":244.6171875},"pid":16794,"uptime":22261.918883604},"system":{"freeMemory":18560.59375,"loadAverage":[0.37,0.4,0.52],"totalMemory":32039.31640625},"timestamp":"2025-10-19T06:04:35.576Z"}
{"level":"debug","message":"Health metrics collected","process":{"cpu":{"system":12563866,"user":72573126},"memory":{"external":6.253496170043945,"heapTotal":110.80078125,"heapUsed":99.55313110351562,"rss":242.75},"pid":8054,"uptime":24241.465466055},"system":{"freeMemory":18563.125,"loadAverage":[0.29,0.38,0.51],"totalMemory":32039.31640625},"timestamp":"2025-10-19T06:04:49.747Z"}
{"correlationId":"dbaea42c-2cf7-4a54-ab3f-719902b77864","level":"debug","message":"⏰ Running cron job: process-scheduled-posts","timestamp":"2025-10-19T06:05:00.034Z"}
{"correlationId":"dbaea42c-2cf7-4a54-ab3f-719902b77864","level":"debug","message":"⏰ Running cron job: check-stuck-jobs","timestamp":"2025-10-19T06:05:00.036Z"}
{"level":"debug","message":"⏰ Running cron job: check-stuck-jobs","timestamp":"2025-10-19T06:05:00.043Z"}
{"level":"debug","message":"⏰ Running cron job: process-scheduled-posts","timestamp":"2025-10-19T06:05:00.045Z"}
{"correlationId":"dbaea42c-2cf7-4a54-ab3f-719902b77864","level":"debug","message":"Health metrics collected","process":{"cpu":{"system":13403587,"user":76629014},"memory":{"external":6.252287864685059,"heapTotal":109.55078125,"heapUsed":97.63874053955078,"rss":244.875},"pid":16794,"uptime":22321.918386898},"system":{"freeMemory":18669.89453125,"loadAverage":[0.31,0.38,0.5],"totalMemory":32039.31640625},"timestamp":"2025-10-19T06:05:35.575Z"}
{"level":"debug","message":"Health metrics collected","process":{"cpu":{"system":12605287,"user":72836425},"memory":{"external":6.254245758056641,"heapTotal":110.80078125,"heapUsed":99.73797607421875,"rss":242.76953125},"pid":8054,"uptime":24301.46559109},"system":{"freeMemory":18663.74609375,"loadAverage":[0.24,0.36,0.49],"totalMemory":32039.31640625},"timestamp":"2025-10-19T06:05:49.747Z"}
{"correlationId":"dbaea42c-2cf7-4a54-ab3f-719902b77864","level":"debug","message":"⏰ Running cron job: process-scheduled-posts","timestamp":"2025-10-19T06:06:00.011Z"}
{"level":"debug","message":"⏰ Running cron job: process-scheduled-posts","timestamp":"2025-10-19T06:06:00.011Z"}
{"correlationId":"dbaea42c-2cf7-4a54-ab3f-719902b77864","level":"debug","message":"Health metrics collected","process":{"cpu":{"system":13451957,"user":76844939},"memory":{"external":6.259634971618652,"heapTotal":109.55078125,"heapUsed":97.72451782226562,"rss":244.9453125},"pid":16794,"uptime":22381.917962913},"system":{"freeMemory":18633.59375,"loadAverage":[0.16,0.32,0.47],"totalMemory":32039.31640625},"timestamp":"2025-10-19T06:06:35.575Z"}
{"level":"debug","message":"Health metrics collected","process":{"cpu":{"system":12648032,"user":73051541},"memory":{"external":6.255829811096191,"heapTotal":110.80078125,"heapUsed":99.92620849609375,"rss":242.65625},"pid":8054,"uptime":24361.466006791},"system":{"freeMemory":18637.3671875,"loadAverage":[0.13,0.31,0.47],"totalMemory":32039.31640625},"timestamp":"2025-10-19T06:06:49.748Z"}
{"level":"debug","message":"⏰ Running cron job: process-scheduled-posts","timestamp":"2025-10-19T06:07:00.009Z"}
{"correlationId":"dbaea42c-2cf7-4a54-ab3f-719902b77864","level":"debug","message":"⏰ Running cron job: process-scheduled-posts","timestamp":"2025-10-19T06:07:00.009Z"}
{"correlationId":"dbaea42c-2cf7-4a54-ab3f-719902b77864","level":"debug","message":"Health metrics collected","process":{"cpu":{"system":13490716,"user":77002102},"memory":{"external":6.24179744720459,"heapTotal":109.55078125,"heapUsed":98.20389556884766,"rss":245.34765625},"pid":16794,"uptime":22441.918706369},"system":{"freeMemory":18524.12890625,"loadAverage":[0.25,0.31,0.46],"totalMemory":32039.31640625},"timestamp":"2025-10-19T06:07:35.576Z"}
{"level":"debug","message":"Health metrics collected","process":{"cpu":{"system":12676498,"user":73208130},"memory":{"external":6.2718505859375,"heapTotal":110.80078125,"heapUsed":100.44529724121094,"rss":243.1875},"pid":8054,"uptime":24421.466526226},"system":{"freeMemory":18482.71484375,"loadAverage":[0.27,0.31,0.45],"totalMemory":32039.31640625},"timestamp":"2025-10-19T06:07:49.748Z"}
{"correlationId":"dbaea42c-2cf7-4a54-ab3f-719902b77864","level":"debug","message":"⏰ Running cron job: process-scheduled-posts","timestamp":"2025-10-19T06:08:00.009Z"}
{"level":"debug","message":"⏰ Running cron job: process-scheduled-posts","timestamp":"2025-10-19T06:08:00.010Z"}
{"correlationId":"dbaea42c-2cf7-4a54-ab3f-719902b77864","level":"debug","message":"Health metrics collected","process":{"cpu":{"system":13511812,"user":77206818},"memory":{"external":6.228250503540039,"heapTotal":109.55078125,"heapUsed":98.0561294555664,"rss":244.40625},"pid":16794,"uptime":22501.918739397},"system":{"freeMemory":18434.56640625,"loadAverage":[0.5,0.35,0.46],"totalMemory":32039.31640625},"timestamp":"2025-10-19T06:08:35.576Z"}
{"level":"debug","message":"Health metrics collected","process":{"cpu":{"system":12699960,"user":73361324},"memory":{"external":6.2471723556518555,"heapTotal":110.80078125,"heapUsed":99.88933563232422,"rss":242.703125},"pid":8054,"uptime":24481.466912302},"system":{"freeMemory":18450.52734375,"loadAverage":[0.7,0.4,0.47],"totalMemory":32039.31640625},"timestamp":"2025-10-19T06:08:49.748Z"}
{"level":"debug","message":"⏰ Running cron job: process-scheduled-posts","timestamp":"2025-10-19T06:09:00.004Z"}
{"correlationId":"dbaea42c-2cf7-4a54-ab3f-719902b77864","level":"debug","message":"⏰ Running cron job: process-scheduled-posts","timestamp":"2025-10-19T06:09:00.005Z"}
{"correlationId":"dbaea42c-2cf7-4a54-ab3f-719902b77864","level":"debug","message":"Health metrics collected","process":{"cpu":{"system":13526719,"user":77323402},"memory":{"external":6.2275896072387695,"heapTotal":109.55078125,"heapUsed":98.01394653320312,"rss":244.46484375},"pid":16794,"uptime":22561.918244591},"system":{"freeMemory":18362.5390625,"loadAverage":[0.93,0.49,0.5],"totalMemory":32039.31640625},"timestamp":"2025-10-19T06:09:35.575Z"}
{"level":"debug","message":"Health metrics collected","process":{"cpu":{"system":12713870,"user":73467328},"memory":{"external":6.259377479553223,"heapTotal":110.80078125,"heapUsed":100.20503997802734,"rss":242.92578125},"pid":8054,"uptime":24541.467225999},"system":{"freeMemory":18360.015625,"loadAverage":[1.29,0.59,0.53],"totalMemory":32039.31640625},"timestamp":"2025-10-19T06:09:49.749Z"}
{"level":"debug","message":"⏰ Running cron job: process-scheduled-posts","timestamp":"2025-10-19T06:10:00.007Z"}
{"level":"debug","message":"⏰ Running cron job: check-stuck-jobs","timestamp":"2025-10-19T06:10:00.008Z"}
{"correlationId":"dbaea42c-2cf7-4a54-ab3f-719902b77864","level":"debug","message":"⏰ Running cron job: check-stuck-jobs","timestamp":"2025-10-19T06:10:00.008Z"}
{"correlationId":"dbaea42c-2cf7-4a54-ab3f-719902b77864","level":"debug","message":"⏰ Running cron job: process-scheduled-posts","timestamp":"2025-10-19T06:10:00.009Z"}
{"correlationId":"dbaea42c-2cf7-4a54-ab3f-719902b77864","level":"debug","message":"Health metrics collected","process":{"cpu":{"system":13538848,"user":77450745},"memory":{"external":6.250827789306641,"heapTotal":109.55078125,"heapUsed":98.76443481445312,"rss":245.15625},"pid":16794,"uptime":22621.91837419},"system":{"freeMemory":18333.59375,"loadAverage":[1.4,0.71,0.58],"totalMemory":32039.31640625},"timestamp":"2025-10-19T06:10:35.575Z"}
{"level":"debug","message":"Health metrics collected","process":{"cpu":{"system":12730586,"user":73600486},"memory":{"external":6.27402400970459,"heapTotal":110.80078125,"heapUsed":100.80878448486328,"rss":243.4140625},"pid":8054,"uptime":24601.467035689},"system":{"freeMemory":18344.19140625,"loadAverage":[1.32,0.73,0.58],"totalMemory":32039.31640625},"timestamp":"2025-10-19T06:10:49.749Z"}
{"level":"debug","message":"⏰ Running cron job: process-scheduled-posts","timestamp":"2025-10-19T06:11:00.007Z"}
{"correlationId":"dbaea42c-2cf7-4a54-ab3f-719902b77864","level":"debug","message":"⏰ Running cron job: process-scheduled-posts","timestamp":"2025-10-19T06:11:00.009Z"}
{"correlationId":"dbaea42c-2cf7-4a54-ab3f-719902b77864","level":"debug","message":"Health metrics collected","process":{"cpu":{"system":13560924,"user":77571201},"memory":{"external":6.250643730163574,"heapTotal":109.55078125,"heapUsed":98.84737396240234,"rss":245.58984375},"pid":16794,"uptime":22681.918695057},"system":{"freeMemory":18338.62109375,"loadAverage":[2.02,1,0.68],"totalMemory":32039.31640625},"timestamp":"2025-10-19T06:11:35.576Z"}
{"level":"debug","message":"Health metrics collected","process":{"cpu":{"system":12746017,"user":73716234},"memory":{"external":6.248966217041016,"heapTotal":110.80078125,"heapUsed":100.19500732421875,"rss":242.78125},"pid":8054,"uptime":24661.467462274},"system":{"freeMemory":18336.65234375,"loadAverage":[1.64,0.97,0.68],"totalMemory":32039.31640625},"timestamp":"2025-10-19T06:11:49.749Z"}
{"level":"debug","message":"⏰ Running cron job: process-scheduled-posts","timestamp":"2025-10-19T06:12:00.005Z"}
{"correlationId":"dbaea42c-2cf7-4a54-ab3f-719902b77864","level":"debug","message":"⏰ Running cron job: process-scheduled-posts","timestamp":"2025-10-19T06:12:00.006Z"}
{"correlationId":"dbaea42c-2cf7-4a54-ab3f-719902b77864","level":"debug","message":"Health metrics collected","process":{"cpu":{"system":13576467,"user":77689896},"memory":{"external":6.251154899597168,"heapTotal":109.55078125,"heapUsed":99.02263641357422,"rss":244.953125},"pid":16794,"uptime":22741.918459495},"system":{"freeMemory":18359.25,"loadAverage":[2.04,1.17,0.76],"totalMemory":32039.31640625},"timestamp":"2025-10-19T06:12:35.576Z"}
{"level":"debug","message":"Health metrics collected","process":{"cpu":{"system":12766320,"user":73831656},"memory":{"external":6.257767677307129,"heapTotal":110.80078125,"heapUsed":100.47572326660156,"rss":242.91015625},"pid":8054,"uptime":24721.467930094},"system":{"freeMemory":18247.078125,"loadAverage":[1.67,1.13,0.76],"totalMemory":32039.31640625},"timestamp":"2025-10-19T06:12:49.749Z"}
{"correlationId":"dbaea42c-2cf7-4a54-ab3f-719902b77864","level":"debug","message":"⏰ Running cron job: process-scheduled-posts","timestamp":"2025-10-19T06:13:00.007Z"}
{"level":"debug","message":"⏰ Running cron job: process-scheduled-posts","timestamp":"2025-10-19T06:13:00.011Z"}
{"correlationId":"dbaea42c-2cf7-4a54-ab3f-719902b77864","level":"debug","message":"Health metrics collected","process":{"cpu":{"system":13596516,"user":77791690},"memory":{"external":6.240501403808594,"heapTotal":109.55078125,"heapUsed":98.75345611572266,"rss":244.77734375},"pid":16794,"uptime":22801.918297681},"system":{"freeMemory":18341.25,"loadAverage":[1.6,1.18,0.79],"totalMemory":32039.31640625},"timestamp":"2025-10-19T06:13:35.575Z"}
{"level":"debug","message":"Health metrics collected","process":{"cpu":{"system":12782662,"user":73928782},"memory":{"external":6.2691144943237305,"heapTotal":110.80078125,"heapUsed":100.81404876708984,"rss":243.15625},"pid":8054,"uptime":24781.467775751},"system":{"freeMemory":18324.57421875,"loadAverage":[1.4,1.15,0.79],"totalMemory":32039.31640625},"timestamp":"2025-10-19T06:13:49.749Z"}
{"level":"debug","message":"⏰ Running cron job: process-scheduled-posts","timestamp":"2025-10-19T06:14:00.006Z"}
{"correlationId":"dbaea42c-2cf7-4a54-ab3f-719902b77864","level":"debug","message":"⏰ Running cron job: process-scheduled-posts","timestamp":"2025-10-19T06:14:00.007Z"}
{"correlationId":"dbaea42c-2cf7-4a54-ab3f-719902b77864","level":"debug","message":"Health metrics collected","process":{"cpu":{"system":13621908,"user":77902917},"memory":{"external":6.242746353149414,"heapTotal":109.55078125,"heapUsed":99.00749969482422,"rss":245.25},"pid":16794,"uptime":22861.918408731},"system":{"freeMemory":18255.31640625,"loadAverage":[1.48,1.18,0.82],"totalMemory":32039.31640625},"timestamp":"2025-10-19T06:14:35.575Z"}
{"level":"debug","message":"Health metrics collected","process":{"cpu":{"system":12805066,"user":74046231},"memory":{"external":6.273886680603027,"heapTotal":110.80078125,"heapUsed":101.1856689453125,"rss":243.4375},"pid":8054,"uptime":24841.467872046},"system":{"freeMemory":18141.8203125,"loadAverage":[1.52,1.2,0.83],"totalMemory":32039.31640625},"timestamp":"2025-10-19T06:14:49.749Z"}
{"correlationId":"dbaea42c-2cf7-4a54-ab3f-719902b77864","level":"debug","message":"⏰ Running cron job: poll-caption-metrics","timestamp":"2025-10-19T06:15:00.016Z"}
{"level":"debug","message":"⏰ Running cron job: poll-caption-metrics","timestamp":"2025-10-19T06:15:00.016Z"}
{"correlationId":"dbaea42c-2cf7-4a54-ab3f-719902b77864","level":"debug","message":"⏰ Running cron job: check-stuck-jobs","timestamp":"2025-10-19T06:15:00.017Z"}
{"correlationId":"dbaea42c-2cf7-4a54-ab3f-719902b77864","level":"debug","message":"⏰ Running cron job: process-scheduled-posts","timestamp":"2025-10-19T06:15:00.018Z"}
{"level":"debug","message":"⏰ Running cron job: check-stuck-jobs","timestamp":"2025-10-19T06:15:00.017Z"}
{"level":"debug","message":"⏰ Running cron job: process-scheduled-posts","timestamp":"2025-10-19T06:15:00.018Z"}
{"correlationId":"dbaea42c-2cf7-4a54-ab3f-719902b77864","level":"info","message":"⏰ Starting caption metrics polling...","timestamp":"2025-10-19T06:15:00.019Z"}
{"level":"info","message":"⏰ Starting caption metrics polling...","timestamp":"2025-10-19T06:15:00.019Z"}
{"correlationId":"dbaea42c-2cf7-4a54-ab3f-719902b77864","level":"info","message":"📊 Caption metrics polling complete: 0 updated, 0 errors","timestamp":"2025-10-19T06:15:00.654Z"}
{"level":"info","message":"📊 Caption metrics polling complete: 0 updated, 0 errors","timestamp":"2025-10-19T06:15:00.750Z"}
{"correlationId":"dbaea42c-2cf7-4a54-ab3f-719902b77864","level":"debug","message":"Health metrics collected","process":{"cpu":{"system":13644034,"user":78047370},"memory":{"external":6.251850128173828,"heapTotal":109.55078125,"heapUsed":99.17250061035156,"rss":245.578125},"pid":16794,"uptime":22921.918616961},"system":{"freeMemory":18054.6015625,"loadAverage":[0.96,1.1,0.81],"totalMemory":32039.31640625},"timestamp":"2025-10-19T06:15:35.576Z"}
{"level":"debug","message":"Health metrics collected","process":{"cpu":{"system":12828032,"user":74176224},"memory":{"external":6.259123802185059,"heapTotal":110.80078125,"heapUsed":100.81187438964844,"rss":243.09375},"pid":8054,"uptime":24901.468320787},"system":{"freeMemory":18021.5,"loadAverage":[0.9,1.08,0.81],"totalMemory":32039.31640625},"timestamp":"2025-10-19T06:15:49.750Z"}
{"level":"debug","message":"⏰ Running cron job: process-scheduled-posts","timestamp":"2025-10-19T06:16:00.008Z"}
{"correlationId":"dbaea42c-2cf7-4a54-ab3f-719902b77864","level":"debug","message":"⏰ Running cron job: process-scheduled-posts","timestamp":"2025-10-19T06:16:00.010Z"}
{"correlationId":"dbaea42c-2cf7-4a54-ab3f-719902b77864","level":"debug","message":"Health metrics collected","process":{"cpu":{"system":13668316,"user":78173804},"memory":{"external":6.238899230957031,"heapTotal":109.55078125,"heapUsed":98.8447265625,"rss":245.10546875},"pid":16794,"uptime":22981.918602305},"system":{"freeMemory":18010.640625,"loadAverage":[1.28,1.16,0.85],"totalMemory":32039.31640625},"timestamp":"2025-10-19T06:16:35.576Z"}
{"level":"debug","message":"Health metrics collected","process":{"cpu":{"system":12842250,"user":74288134},"memory":{"external":6.262128829956055,"heapTotal":110.80078125,"heapUsed":101.09524536132812,"rss":243.45703125},"pid":8054,"uptime":24961.468923853},"system":{"freeMemory":17977.6640625,"loadAverage":[1.75,1.26,0.89],"totalMemory":32039.31640625},"timestamp":"2025-10-19T06:16:49.750Z"}
{"level":"debug","message":"⏰ Running cron job: process-scheduled-posts","timestamp":"2025-10-19T06:17:00.008Z"}
{"correlationId":"dbaea42c-2cf7-4a54-ab3f-719902b77864","level":"debug","message":"⏰ Running cron job: process-scheduled-posts","timestamp":"2025-10-19T06:17:00.009Z"}
{"correlationId":"dbaea42c-2cf7-4a54-ab3f-719902b77864","level":"debug","message":"Health metrics collected","process":{"cpu":{"system":13689599,"user":78271091},"memory":{"external":6.232975006103516,"heapTotal":109.55078125,"heapUsed":99.07301330566406,"rss":244.4375},"pid":16794,"uptime":23041.918890761},"system":{"freeMemory":17662.23828125,"loadAverage":[1.3,1.21,0.89],"totalMemory":32039.31640625},"timestamp":"2025-10-19T06:17:35.576Z"}
